{
  "stats": {
    "suites": 2,
    "tests": 3,
    "passes": 2,
    "pending": 0,
    "failures": 1,
    "start": "2022-09-27T13:19:20.608Z",
    "end": "2022-09-27T13:19:24.390Z",
    "duration": 3782,
    "testsRegistered": 3,
    "passPercent": 66.66666666666666,
    "pendingPercent": 0,
    "other": 0,
    "hasOther": false,
    "skipped": 0,
    "hasSkipped": false
  },
  "results": [
    {
      "uuid": "30f6185d-75a8-4053-a3d6-f66e5599e82b",
      "title": "",
      "fullFile": "cypress/integration/4.carrinhos.spec.js",
      "file": "cypress/integration/4.carrinhos.spec.js",
      "beforeHooks": [],
      "afterHooks": [],
      "tests": [],
      "suites": [
        {
          "uuid": "11f80fe7-bd87-4b99-8bb0-cddae19d8a4c",
          "title": "Casos de teste sobre a rota /carrinhos da API Serverest",
          "fullFile": "",
          "file": "",
          "beforeHooks": [],
          "afterHooks": [],
          "tests": [],
          "suites": [
            {
              "uuid": "34c554d2-2222-4386-adce-e808bd35e1b9",
              "title": "Logar com sucesso",
              "fullFile": "",
              "file": "",
              "beforeHooks": [],
              "afterHooks": [],
              "tests": [
                {
                  "title": "Deve adicionar um produto ao carrinho",
                  "fullTitle": "Casos de teste sobre a rota /carrinhos da API Serverest Logar com sucesso Deve adicionar um produto ao carrinho",
                  "timedOut": null,
                  "duration": 1942,
                  "state": "failed",
                  "speed": null,
                  "pass": false,
                  "fail": true,
                  "pending": false,
                  "context": null,
                  "code": "_serverest.default.buscarProdutoParaCarrinho();\ncy.get('@produtoCarrinho').then(produto => {\n  _serverest.default.adicionarProdutoAoCarrinho(produto).then(res => {\n    cy.contractValidation(res, '14.post-carrinhos', 201);\n    _validaServerest.default.validarCadastroDeCarrinhoComSucesso(res);\n  });\n});",
                  "err": {
                    "message": "CypressError: `cy.request()` failed on:\n\nhttps://serverest.dev/carrinhos\n\nThe response we received from your web server was:\n\n  > 400: Bad Request\n\nThis was considered a failure because the status code was not `2xx` or `3xx`.\n\nIf you do not want status codes to cause failures pass the option: `failOnStatusCode: false`\n\n-----------------------------------------------------------\n\nThe request we sent was:\n\nMethod: POST\nURL: https://serverest.dev/carrinhos\nHeaders: {\n  \"Connection\": \"keep-alive\",\n  \"user-agent\": \"Mozilla/5.0 (Windows NT 10.0; Win64; x64) AppleWebKit/537.36 (KHTML, like Gecko) Cypress/9.7.0 Chrome/100.0.4896.75 Electron/18.0.4 Safari/537.36\",\n  \"accept\": \"*/*\",\n  \"authorization\": \"Bearer eyJhbGciOiJIUzI1NiIsInR5cCI6IkpXVCJ9.eyJlbWFpbCI6ImJlbHRyYW5vMkBxYS5jb20uYnIiLCJwYXNzd29yZCI6InRlc3RlIiwiaWF0IjoxNjY0Mjg0NzY0LCJleHAiOjE2NjQyODUzNjR9.cklG0ZCdMJG5bzV6aLubZWe72X7WhXj9Enagv7LpVrM\",\n  \"accept-encoding\": \"gzip, deflate\",\n  \"content-type\": \"application/json\",\n  \"content-length\": 62\n}\nBody: {\"produtos\":[{\"idProduto\":\"6ET5jPGr0Rwyg6QD\",\"quantidade\":1}]}\n\n-----------------------------------------------------------\n\nThe response we got was:\n\nStatus: 400 - Bad Request\nHeaders: {\n  \"access-control-allow-origin\": \"*\",\n  \"x-dns-prefetch-control\": \"off\",\n  \"x-frame-options\": \"SAMEORIGIN\",\n  \"strict-transport-security\": \"max-age=15552000; includeSubDomains\",\n  \"x-download-options\": \"noopen\",\n  \"x-content-type-options\": \"nosniff\",\n  \"x-xss-protection\": \"1; mode=block\",\n  \"x-moesif-transaction-id\": \"f5e06912-686c-4ab6-91ed-0e91c288b03d\",\n  \"content-type\": \"application/json; charset=utf-8\",\n  \"x-cloud-trace-context\": \"05c63da8dffdd80e0799ee5ca9468d92\",\n  \"date\": \"Tue, 27 Sep 2022 13:19:25 GMT\",\n  \"server\": \"Google Frontend\",\n  \"content-length\": \"200\"\n}\nBody: {\n  \"message\": \"Produto não possui quantidade suficiente\",\n  \"item\": {\n    \"idProduto\": \"6ET5jPGr0Rwyg6QD\",\n    \"quantidade\": 1,\n    \"quantidadeEstoque\": 0,\n    \"index\": 0\n  }\n}\n\n\nhttps://on.cypress.io/request",
                    "estack": "CypressError: `cy.request()` failed on:\n\nhttps://serverest.dev/carrinhos\n\nThe response we received from your web server was:\n\n  > 400: Bad Request\n\nThis was considered a failure because the status code was not `2xx` or `3xx`.\n\nIf you do not want status codes to cause failures pass the option: `failOnStatusCode: false`\n\n-----------------------------------------------------------\n\nThe request we sent was:\n\nMethod: POST\nURL: https://serverest.dev/carrinhos\nHeaders: {\n  \"Connection\": \"keep-alive\",\n  \"user-agent\": \"Mozilla/5.0 (Windows NT 10.0; Win64; x64) AppleWebKit/537.36 (KHTML, like Gecko) Cypress/9.7.0 Chrome/100.0.4896.75 Electron/18.0.4 Safari/537.36\",\n  \"accept\": \"*/*\",\n  \"authorization\": \"Bearer eyJhbGciOiJIUzI1NiIsInR5cCI6IkpXVCJ9.eyJlbWFpbCI6ImJlbHRyYW5vMkBxYS5jb20uYnIiLCJwYXNzd29yZCI6InRlc3RlIiwiaWF0IjoxNjY0Mjg0NzY0LCJleHAiOjE2NjQyODUzNjR9.cklG0ZCdMJG5bzV6aLubZWe72X7WhXj9Enagv7LpVrM\",\n  \"accept-encoding\": \"gzip, deflate\",\n  \"content-type\": \"application/json\",\n  \"content-length\": 62\n}\nBody: {\"produtos\":[{\"idProduto\":\"6ET5jPGr0Rwyg6QD\",\"quantidade\":1}]}\n\n-----------------------------------------------------------\n\nThe response we got was:\n\nStatus: 400 - Bad Request\nHeaders: {\n  \"access-control-allow-origin\": \"*\",\n  \"x-dns-prefetch-control\": \"off\",\n  \"x-frame-options\": \"SAMEORIGIN\",\n  \"strict-transport-security\": \"max-age=15552000; includeSubDomains\",\n  \"x-download-options\": \"noopen\",\n  \"x-content-type-options\": \"nosniff\",\n  \"x-xss-protection\": \"1; mode=block\",\n  \"x-moesif-transaction-id\": \"f5e06912-686c-4ab6-91ed-0e91c288b03d\",\n  \"content-type\": \"application/json; charset=utf-8\",\n  \"x-cloud-trace-context\": \"05c63da8dffdd80e0799ee5ca9468d92\",\n  \"date\": \"Tue, 27 Sep 2022 13:19:25 GMT\",\n  \"server\": \"Google Frontend\",\n  \"content-length\": \"200\"\n}\nBody: {\n  \"message\": \"Produto não possui quantidade suficiente\",\n  \"item\": {\n    \"idProduto\": \"6ET5jPGr0Rwyg6QD\",\n    \"quantidade\": 1,\n    \"quantidadeEstoque\": 0,\n    \"index\": 0\n  }\n}\n\n\nhttps://on.cypress.io/request\n    at https://serverest.dev/__cypress/runner/cypress_runner.js:165434:80\n    at tryCatcher (https://serverest.dev/__cypress/runner/cypress_runner.js:13022:23)\n    at Promise._settlePromiseFromHandler (https://serverest.dev/__cypress/runner/cypress_runner.js:10957:31)\n    at Promise._settlePromise (https://serverest.dev/__cypress/runner/cypress_runner.js:11014:18)\n    at Promise._settlePromise0 (https://serverest.dev/__cypress/runner/cypress_runner.js:11059:10)\n    at Promise._settlePromises (https://serverest.dev/__cypress/runner/cypress_runner.js:11139:18)\n    at _drainQueueStep (https://serverest.dev/__cypress/runner/cypress_runner.js:7729:12)\n    at _drainQueue (https://serverest.dev/__cypress/runner/cypress_runner.js:7722:9)\n    at Async.../../node_modules/bluebird/js/release/async.js.Async._drainQueues (https://serverest.dev/__cypress/runner/cypress_runner.js:7738:5)\n    at Async.drainQueues (https://serverest.dev/__cypress/runner/cypress_runner.js:7608:14)\nFrom Your Spec Code:\n    at Function.validarLoginComSucesso (https://serverest.dev/__cypress/tests?p=cypress\\integration\\4.carrinhos.spec.js:429:5)\n    at Context.eval (https://serverest.dev/__cypress/tests?p=cypress\\integration\\4.carrinhos.spec.js:189:36)",
                    "diff": null
                  },
                  "uuid": "b4c04bee-4469-426a-a30c-c8813ce20e28",
                  "parentUUID": "34c554d2-2222-4386-adce-e808bd35e1b9",
                  "isHook": false,
                  "skipped": false
                },
                {
                  "title": "Deve buscar carrinho cadastrado",
                  "fullTitle": "Casos de teste sobre a rota /carrinhos da API Serverest Logar com sucesso Deve buscar carrinho cadastrado",
                  "timedOut": null,
                  "duration": 846,
                  "state": "passed",
                  "speed": "fast",
                  "pass": true,
                  "fail": false,
                  "pending": false,
                  "context": null,
                  "code": "_serverest.default.buscarCarrinho().then(res => {\n  cy.contractValidation(res, '12.get-carrinhos', 200);\n  _validaServerest.default.validarBuscaDeCarrinho(res);\n});",
                  "err": {},
                  "uuid": "be9f4106-abb0-420c-8f9a-6139217ac729",
                  "parentUUID": "34c554d2-2222-4386-adce-e808bd35e1b9",
                  "isHook": false,
                  "skipped": false
                },
                {
                  "title": "Deve excluir um carrinho ao concluir compra",
                  "fullTitle": "Casos de teste sobre a rota /carrinhos da API Serverest Logar com sucesso Deve excluir um carrinho ao concluir compra",
                  "timedOut": null,
                  "duration": 815,
                  "state": "passed",
                  "speed": "fast",
                  "pass": true,
                  "fail": false,
                  "pending": false,
                  "context": null,
                  "code": "_serverest.default.concluirCompra().then(res => {\n  cy.contractValidation(res, '15.delete-carrinhos-concluir-compra', 200);\n  _validaServerest.default.validarExclusaoDeCarrinhoComSucesso(res);\n});",
                  "err": {},
                  "uuid": "f017d12b-3db1-4951-933a-19c356159bf9",
                  "parentUUID": "34c554d2-2222-4386-adce-e808bd35e1b9",
                  "isHook": false,
                  "skipped": false
                }
              ],
              "suites": [],
              "passes": [
                "be9f4106-abb0-420c-8f9a-6139217ac729",
                "f017d12b-3db1-4951-933a-19c356159bf9"
              ],
              "failures": [
                "b4c04bee-4469-426a-a30c-c8813ce20e28"
              ],
              "pending": [],
              "skipped": [],
              "duration": 3603,
              "root": false,
              "rootEmpty": false,
              "_timeout": 2000
            }
          ],
          "passes": [],
          "failures": [],
          "pending": [],
          "skipped": [],
          "duration": 0,
          "root": false,
          "rootEmpty": false,
          "_timeout": 2000
        }
      ],
      "passes": [],
      "failures": [],
      "pending": [],
      "skipped": [],
      "duration": 0,
      "root": true,
      "rootEmpty": true,
      "_timeout": 2000
    }
  ],
  "meta": {
    "mocha": {
      "version": "7.0.1"
    },
    "mochawesome": {
      "options": {
        "quiet": false,
        "reportFilename": "mochawesome",
        "saveHtml": false,
        "saveJson": true,
        "consoleReporter": "spec",
        "useInlineDiffs": false,
        "code": true
      },
      "version": "7.1.3"
    },
    "marge": {
      "options": {
        "id": "default",
        "reportDir": "cypress/reports/mocha",
        "quite": true,
        "overwrite": false,
        "html": false,
        "json": true
      },
      "version": "6.2.0"
    }
  }
}