{
  "stats": {
    "suites": 2,
    "tests": 3,
    "passes": 3,
    "pending": 0,
    "failures": 0,
    "start": "2022-09-16T22:25:19.015Z",
    "end": "2022-09-16T22:25:22.781Z",
    "duration": 3766,
    "testsRegistered": 3,
    "passPercent": 100,
    "pendingPercent": 0,
    "other": 0,
    "hasOther": false,
    "skipped": 0,
    "hasSkipped": false
  },
  "results": [
    {
      "uuid": "92ac26d5-70ca-4128-a925-2894547a2801",
      "title": "",
      "fullFile": "cypress/integration/4.carrinhos.spec.js",
      "file": "cypress/integration/4.carrinhos.spec.js",
      "beforeHooks": [],
      "afterHooks": [],
      "tests": [],
      "suites": [
        {
          "uuid": "150854bd-d1f1-484c-bd9c-9df5a8d1c704",
          "title": "Casos de teste sobre a rota /carrinhos da API Serverest",
          "fullFile": "",
          "file": "",
          "beforeHooks": [],
          "afterHooks": [],
          "tests": [],
          "suites": [
            {
              "uuid": "44ac4a07-5fd0-42cb-bffe-670a8ac4963f",
              "title": "Logar com sucesso",
              "fullFile": "",
              "file": "",
              "beforeHooks": [],
              "afterHooks": [],
              "tests": [
                {
                  "title": "Deve adicionar um produto ao carrinho",
                  "fullTitle": "Casos de teste sobre a rota /carrinhos da API Serverest Logar com sucesso Deve adicionar um produto ao carrinho",
                  "timedOut": null,
                  "duration": 1784,
                  "state": "passed",
                  "speed": "fast",
                  "pass": true,
                  "fail": false,
                  "pending": false,
                  "context": null,
                  "code": "_serverest.default.buscarProdutoParaCarrinho();\ncy.get('@produtoCarrinho').then(produto => {\n  _serverest.default.adicionarProdutoAoCarrinho(produto).then(res => {\n    cy.contractValidation(res, '14.post-carrinhos', 201);\n    _validaServerest.default.validarCadastroDeCarrinhoComSucesso(res);\n  });\n});",
                  "err": {},
                  "uuid": "8639cf2a-7f2c-44d7-b40a-c084137f83f3",
                  "parentUUID": "44ac4a07-5fd0-42cb-bffe-670a8ac4963f",
                  "isHook": false,
                  "skipped": false
                },
                {
                  "title": "Deve buscar carrinho cadastrado",
                  "fullTitle": "Casos de teste sobre a rota /carrinhos da API Serverest Logar com sucesso Deve buscar carrinho cadastrado",
                  "timedOut": null,
                  "duration": 1002,
                  "state": "passed",
                  "speed": "fast",
                  "pass": true,
                  "fail": false,
                  "pending": false,
                  "context": null,
                  "code": "_serverest.default.buscarCarrinho().then(res => {\n  cy.contractValidation(res, '12.get-carrinhos', 200);\n  _validaServerest.default.validarBuscaDeCarrinho(res);\n});",
                  "err": {},
                  "uuid": "ee2b45fe-6b7c-4376-b80c-34af93de82aa",
                  "parentUUID": "44ac4a07-5fd0-42cb-bffe-670a8ac4963f",
                  "isHook": false,
                  "skipped": false
                },
                {
                  "title": "Deve excluir um carrinho ao concluir compra",
                  "fullTitle": "Casos de teste sobre a rota /carrinhos da API Serverest Logar com sucesso Deve excluir um carrinho ao concluir compra",
                  "timedOut": null,
                  "duration": 940,
                  "state": "passed",
                  "speed": "fast",
                  "pass": true,
                  "fail": false,
                  "pending": false,
                  "context": null,
                  "code": "_serverest.default.concluirCompra().then(res => {\n  cy.contractValidation(res, '15.delete-carrinhos-concluir-compra', 200);\n  _validaServerest.default.validarExclusaoDeCarrinhoComSucesso(res);\n});",
                  "err": {},
                  "uuid": "b831b708-9ccd-4eb1-931a-5c385246c05d",
                  "parentUUID": "44ac4a07-5fd0-42cb-bffe-670a8ac4963f",
                  "isHook": false,
                  "skipped": false
                }
              ],
              "suites": [],
              "passes": [
                "8639cf2a-7f2c-44d7-b40a-c084137f83f3",
                "ee2b45fe-6b7c-4376-b80c-34af93de82aa",
                "b831b708-9ccd-4eb1-931a-5c385246c05d"
              ],
              "failures": [],
              "pending": [],
              "skipped": [],
              "duration": 3726,
              "root": false,
              "rootEmpty": false,
              "_timeout": 2000
            }
          ],
          "passes": [],
          "failures": [],
          "pending": [],
          "skipped": [],
          "duration": 0,
          "root": false,
          "rootEmpty": false,
          "_timeout": 2000
        }
      ],
      "passes": [],
      "failures": [],
      "pending": [],
      "skipped": [],
      "duration": 0,
      "root": true,
      "rootEmpty": true,
      "_timeout": 2000
    }
  ],
  "meta": {
    "mocha": {
      "version": "7.0.1"
    },
    "mochawesome": {
      "options": {
        "quiet": false,
        "reportFilename": "mochawesome",
        "saveHtml": false,
        "saveJson": true,
        "consoleReporter": "spec",
        "useInlineDiffs": false,
        "code": true
      },
      "version": "7.1.3"
    },
    "marge": {
      "options": {
        "id": "default",
        "reportDir": "cypress/reports/mocha",
        "quite": true,
        "overwrite": false,
        "html": false,
        "json": true
      },
      "version": "6.2.0"
    }
  }
}