{
  "stats": {
    "suites": 2,
    "tests": 3,
    "passes": 3,
    "pending": 0,
    "failures": 0,
    "start": "2022-09-28T01:48:41.482Z",
    "end": "2022-09-28T01:48:44.623Z",
    "duration": 3141,
    "testsRegistered": 3,
    "passPercent": 100,
    "pendingPercent": 0,
    "other": 0,
    "hasOther": false,
    "skipped": 0,
    "hasSkipped": false
  },
  "results": [
    {
      "uuid": "f0535ead-cc97-483d-98a1-78e2802c2677",
      "title": "",
      "fullFile": "cypress/integration/4.cadastroCarrinhos.spec.js",
      "file": "cypress/integration/4.cadastroCarrinhos.spec.js",
      "beforeHooks": [],
      "afterHooks": [],
      "tests": [],
      "suites": [
        {
          "uuid": "592d8a3e-f2ab-4cb0-a228-3a0b85503503",
          "title": "Casos de teste sobre a rota /carrinhos da API Serverest",
          "fullFile": "",
          "file": "",
          "beforeHooks": [],
          "afterHooks": [],
          "tests": [],
          "suites": [
            {
              "uuid": "92ceefb2-dd5c-4747-8545-f518acfd77b7",
              "title": "CT01 - Validar rota de login com sucesso",
              "fullFile": "",
              "file": "",
              "beforeHooks": [],
              "afterHooks": [],
              "tests": [
                {
                  "title": "CT73 - Validar rota de criação de carrinho com sucesso",
                  "fullTitle": "Casos de teste sobre a rota /carrinhos da API Serverest CT01 - Validar rota de login com sucesso CT73 - Validar rota de criação de carrinho com sucesso",
                  "timedOut": null,
                  "duration": 1277,
                  "state": "passed",
                  "speed": "fast",
                  "pass": true,
                  "fail": false,
                  "pending": false,
                  "context": null,
                  "code": "_serverest.default.buscarProdutoParaCarrinho();\ncy.get('@produtoCarrinho').then(produto => {\n  _serverest.default.adicionarProdutoAoCarrinho(produto).then(res => {\n    cy.contractValidation(res, '14.post-carrinhos', 201);\n    _validaServerest.default.validarCadastroDeCarrinhoComSucesso(res);\n  });\n});",
                  "err": {},
                  "uuid": "ca18f0f5-4e73-4513-8030-7520ef315609",
                  "parentUUID": "92ceefb2-dd5c-4747-8545-f518acfd77b7",
                  "isHook": false,
                  "skipped": false
                },
                {
                  "title": "CT68 - Validar rota de lista de carrinhos",
                  "fullTitle": "Casos de teste sobre a rota /carrinhos da API Serverest CT01 - Validar rota de login com sucesso CT68 - Validar rota de lista de carrinhos",
                  "timedOut": null,
                  "duration": 859,
                  "state": "passed",
                  "speed": "fast",
                  "pass": true,
                  "fail": false,
                  "pending": false,
                  "context": null,
                  "code": "_serverest.default.buscarCarrinho().then(res => {\n  cy.contractValidation(res, '12.get-carrinhos', 200);\n  _validaServerest.default.validarBuscaDeCarrinho(res);\n});",
                  "err": {},
                  "uuid": "c2240f6b-c890-47ff-8fea-c538cec6bda2",
                  "parentUUID": "92ceefb2-dd5c-4747-8545-f518acfd77b7",
                  "isHook": false,
                  "skipped": false
                },
                {
                  "title": "CT84 - Validar rota de exclusão de carrinho ao concluir compra",
                  "fullTitle": "Casos de teste sobre a rota /carrinhos da API Serverest CT01 - Validar rota de login com sucesso CT84 - Validar rota de exclusão de carrinho ao concluir compra",
                  "timedOut": null,
                  "duration": 942,
                  "state": "passed",
                  "speed": "fast",
                  "pass": true,
                  "fail": false,
                  "pending": false,
                  "context": null,
                  "code": "_serverest.default.concluirCompra().then(res => {\n  cy.contractValidation(res, '15.delete-carrinhos-concluir-compra', 200);\n  _validaServerest.default.validarExclusaoDeCarrinhoComSucesso(res);\n});",
                  "err": {},
                  "uuid": "9438e4cd-37d9-4f9c-965e-6ab46f7a4cd3",
                  "parentUUID": "92ceefb2-dd5c-4747-8545-f518acfd77b7",
                  "isHook": false,
                  "skipped": false
                }
              ],
              "suites": [],
              "passes": [
                "ca18f0f5-4e73-4513-8030-7520ef315609",
                "c2240f6b-c890-47ff-8fea-c538cec6bda2",
                "9438e4cd-37d9-4f9c-965e-6ab46f7a4cd3"
              ],
              "failures": [],
              "pending": [],
              "skipped": [],
              "duration": 3078,
              "root": false,
              "rootEmpty": false,
              "_timeout": 2000
            }
          ],
          "passes": [],
          "failures": [],
          "pending": [],
          "skipped": [],
          "duration": 0,
          "root": false,
          "rootEmpty": false,
          "_timeout": 2000
        }
      ],
      "passes": [],
      "failures": [],
      "pending": [],
      "skipped": [],
      "duration": 0,
      "root": true,
      "rootEmpty": true,
      "_timeout": 2000
    }
  ],
  "meta": {
    "mocha": {
      "version": "7.0.1"
    },
    "mochawesome": {
      "options": {
        "quiet": false,
        "reportFilename": "mochawesome",
        "saveHtml": false,
        "saveJson": true,
        "consoleReporter": "spec",
        "useInlineDiffs": false,
        "code": true
      },
      "version": "7.1.3"
    },
    "marge": {
      "options": {
        "id": "default",
        "reportDir": "cypress/reports/mocha",
        "quite": true,
        "overwrite": false,
        "html": false,
        "json": true
      },
      "version": "6.2.0"
    }
  }
}