{
  "stats": {
    "suites": 2,
    "tests": 4,
    "passes": 4,
    "pending": 0,
    "failures": 0,
    "start": "2022-09-27T13:19:07.598Z",
    "end": "2022-09-27T13:19:10.566Z",
    "duration": 2968,
    "testsRegistered": 4,
    "passPercent": 100,
    "pendingPercent": 0,
    "other": 0,
    "hasOther": false,
    "skipped": 0,
    "hasSkipped": false
  },
  "results": [
    {
      "uuid": "f990afbf-fdbe-4b7a-b62c-c727afe4779d",
      "title": "",
      "fullFile": "cypress/integration/3.produtos.spec.js",
      "file": "cypress/integration/3.produtos.spec.js",
      "beforeHooks": [],
      "afterHooks": [],
      "tests": [],
      "suites": [
        {
          "uuid": "6cb3aa31-fcaf-44ca-bfaa-f807259d1e7c",
          "title": "Casos de teste sobre a rota /produtos da API Serverest",
          "fullFile": "",
          "file": "",
          "beforeHooks": [],
          "afterHooks": [],
          "tests": [
            {
              "title": "Deve buscar todos os produtos cadastrados",
              "fullTitle": "Casos de teste sobre a rota /produtos da API Serverest Deve buscar todos os produtos cadastrados",
              "timedOut": null,
              "duration": 460,
              "state": "passed",
              "speed": "fast",
              "pass": true,
              "fail": false,
              "pending": false,
              "context": null,
              "code": "_serverest.default.buscarProdutos().then(res => {\n  cy.contractValidation(res, '7.get-produtos', 200);\n  _validaServerest.default.validarBuscaDeProdutos(res);\n});",
              "err": {},
              "uuid": "c0349d8d-8f64-4e26-9f8b-d179c2578b77",
              "parentUUID": "6cb3aa31-fcaf-44ca-bfaa-f807259d1e7c",
              "isHook": false,
              "skipped": false
            }
          ],
          "suites": [
            {
              "uuid": "e2053c60-82c8-4294-8780-a9769dba02c2",
              "title": "Logar com sucesso",
              "fullFile": "",
              "file": "",
              "beforeHooks": [],
              "afterHooks": [],
              "tests": [
                {
                  "title": "Deve postar um novo produto com sucesso",
                  "fullTitle": "Casos de teste sobre a rota /produtos da API Serverest Logar com sucesso Deve postar um novo produto com sucesso",
                  "timedOut": null,
                  "duration": 787,
                  "state": "passed",
                  "speed": "fast",
                  "pass": true,
                  "fail": false,
                  "pending": false,
                  "context": null,
                  "code": "_serverest.default.cadastrarProdutoComSucesso().then(res => {\n  _validaServerest.default.validarCadastroDeProdutoComSucesso(res);\n});",
                  "err": {},
                  "uuid": "2872c46c-3001-4ea5-bfff-40e4186257f5",
                  "parentUUID": "e2053c60-82c8-4294-8780-a9769dba02c2",
                  "isHook": false,
                  "skipped": false
                },
                {
                  "title": "Deve alterar um produto com sucesso",
                  "fullTitle": "Casos de teste sobre a rota /produtos da API Serverest Logar com sucesso Deve alterar um produto com sucesso",
                  "timedOut": null,
                  "duration": 816,
                  "state": "passed",
                  "speed": "fast",
                  "pass": true,
                  "fail": false,
                  "pending": false,
                  "context": null,
                  "code": "_serverest.default.alterarProdutoCadastrado().then(res => {\n  cy.contractValidation(res, '11.put-produtos-by-id', 200);\n  _validaServerest.default.validarAlteracaoDeProdutoComSucesso(res);\n});",
                  "err": {},
                  "uuid": "27e4273c-3520-463e-994a-3b328635c18d",
                  "parentUUID": "e2053c60-82c8-4294-8780-a9769dba02c2",
                  "isHook": false,
                  "skipped": false
                },
                {
                  "title": "Deve deletar um produto com sucesso",
                  "fullTitle": "Casos de teste sobre a rota /produtos da API Serverest Logar com sucesso Deve deletar um produto com sucesso",
                  "timedOut": null,
                  "duration": 839,
                  "state": "passed",
                  "speed": "fast",
                  "pass": true,
                  "fail": false,
                  "pending": false,
                  "context": null,
                  "code": "_serverest.default.deletarProdutoCadastrado().then(res => {\n  cy.contractValidation(res, '10.delete-produtos-by-id', 200);\n  _validaServerest.default.validarExclusaoDeProdutoComSucesso(res);\n});",
                  "err": {},
                  "uuid": "ea4962cd-ee90-4604-8430-df6f887ea70e",
                  "parentUUID": "e2053c60-82c8-4294-8780-a9769dba02c2",
                  "isHook": false,
                  "skipped": false
                }
              ],
              "suites": [],
              "passes": [
                "2872c46c-3001-4ea5-bfff-40e4186257f5",
                "27e4273c-3520-463e-994a-3b328635c18d",
                "ea4962cd-ee90-4604-8430-df6f887ea70e"
              ],
              "failures": [],
              "pending": [],
              "skipped": [],
              "duration": 2442,
              "root": false,
              "rootEmpty": false,
              "_timeout": 2000
            }
          ],
          "passes": [
            "c0349d8d-8f64-4e26-9f8b-d179c2578b77"
          ],
          "failures": [],
          "pending": [],
          "skipped": [],
          "duration": 460,
          "root": false,
          "rootEmpty": false,
          "_timeout": 2000
        }
      ],
      "passes": [],
      "failures": [],
      "pending": [],
      "skipped": [],
      "duration": 0,
      "root": true,
      "rootEmpty": true,
      "_timeout": 2000
    }
  ],
  "meta": {
    "mocha": {
      "version": "7.0.1"
    },
    "mochawesome": {
      "options": {
        "quiet": false,
        "reportFilename": "mochawesome",
        "saveHtml": false,
        "saveJson": true,
        "consoleReporter": "spec",
        "useInlineDiffs": false,
        "code": true
      },
      "version": "7.1.3"
    },
    "marge": {
      "options": {
        "id": "default",
        "reportDir": "cypress/reports/mocha",
        "quite": true,
        "overwrite": false,
        "html": false,
        "json": true
      },
      "version": "6.2.0"
    }
  }
}