{
  "stats": {
    "suites": 2,
    "tests": 5,
    "passes": 5,
    "pending": 0,
    "failures": 0,
    "start": "2022-09-27T21:37:52.027Z",
    "end": "2022-09-27T21:37:58.166Z",
    "duration": 6139,
    "testsRegistered": 5,
    "passPercent": 100,
    "pendingPercent": 0,
    "other": 0,
    "hasOther": false,
    "skipped": 0,
    "hasSkipped": false
  },
  "results": [
    {
      "uuid": "622ce327-d05d-41cd-9a6c-53479fb1e423",
      "title": "",
      "fullFile": "cypress/integration/5.fluxoDeCompra.spec.js",
      "file": "cypress/integration/5.fluxoDeCompra.spec.js",
      "beforeHooks": [],
      "afterHooks": [],
      "tests": [],
      "suites": [
        {
          "uuid": "aaeca817-a02f-4aa6-9958-9c203a961562",
          "title": "Casos de teste sobre o fluxo de compra da API Serverest",
          "fullFile": "",
          "file": "",
          "beforeHooks": [],
          "afterHooks": [],
          "tests": [
            {
              "title": "CT23 - Validar rota de criação de usuário com sucesso",
              "fullTitle": "Casos de teste sobre o fluxo de compra da API Serverest CT23 - Validar rota de criação de usuário com sucesso",
              "timedOut": null,
              "duration": 419,
              "state": "passed",
              "speed": "fast",
              "pass": true,
              "fail": false,
              "pending": false,
              "context": null,
              "code": "_serverest.default.postarUsuarioValido().then(res => {\n  cy.contractValidation(res, '4.post-usuarios', 201);\n  _validaServerest.default.validarCadastroDeUsuarioComSucesso(res);\n});",
              "err": {},
              "uuid": "0dce83b9-f600-40b2-8155-7124e9ec1680",
              "parentUUID": "aaeca817-a02f-4aa6-9958-9c203a961562",
              "isHook": false,
              "skipped": false
            }
          ],
          "suites": [
            {
              "uuid": "f085d664-ca15-4a19-a453-9e2608f8a100",
              "title": "CT01 - Validar rota de login com sucesso",
              "fullFile": "",
              "file": "",
              "beforeHooks": [],
              "afterHooks": [],
              "tests": [
                {
                  "title": "CT42 - Validar rota de lista de produtos com sucesso",
                  "fullTitle": "Casos de teste sobre o fluxo de compra da API Serverest CT01 - Validar rota de login com sucesso CT42 - Validar rota de lista de produtos com sucesso",
                  "timedOut": null,
                  "duration": 1765,
                  "state": "passed",
                  "speed": "fast",
                  "pass": true,
                  "fail": false,
                  "pending": false,
                  "context": null,
                  "code": "_serverest.default.buscarProdutos().then(res => {\n  cy.contractValidation(res, '7.get-produtos', 200);\n  _validaServerest.default.validarBuscaDeProdutos(res);\n});",
                  "err": {},
                  "uuid": "c06e25fb-cee8-43e3-9fbe-d020761c20fa",
                  "parentUUID": "f085d664-ca15-4a19-a453-9e2608f8a100",
                  "isHook": false,
                  "skipped": false
                },
                {
                  "title": "CT73 - Validar rota de criação de carrinho com sucesso",
                  "fullTitle": "Casos de teste sobre o fluxo de compra da API Serverest CT01 - Validar rota de login com sucesso CT73 - Validar rota de criação de carrinho com sucesso",
                  "timedOut": null,
                  "duration": 1836,
                  "state": "passed",
                  "speed": "fast",
                  "pass": true,
                  "fail": false,
                  "pending": false,
                  "context": null,
                  "code": "_serverest.default.buscarProdutoParaCarrinho();\ncy.get('@produtoCarrinho').then(produto => {\n  _serverest.default.adicionarProdutoAoCarrinho(produto).then(res => {\n    cy.contractValidation(res, '14.post-carrinhos', 201);\n    _validaServerest.default.validarCadastroDeCarrinhoComSucesso(res);\n  });\n});",
                  "err": {},
                  "uuid": "e9b3c657-d414-42fe-ade3-0db50b69ae9c",
                  "parentUUID": "f085d664-ca15-4a19-a453-9e2608f8a100",
                  "isHook": false,
                  "skipped": false
                },
                {
                  "title": "CT68 - Validar rota de lista de carrinhos",
                  "fullTitle": "Casos de teste sobre o fluxo de compra da API Serverest CT01 - Validar rota de login com sucesso CT68 - Validar rota de lista de carrinhos",
                  "timedOut": null,
                  "duration": 1081,
                  "state": "passed",
                  "speed": "fast",
                  "pass": true,
                  "fail": false,
                  "pending": false,
                  "context": null,
                  "code": "_serverest.default.buscarCarrinho().then(res => {\n  cy.contractValidation(res, '12.get-carrinhos', 200);\n  _validaServerest.default.validarBuscaDeCarrinho(res);\n});",
                  "err": {},
                  "uuid": "af79d15e-3a0f-49e1-8f7a-2e5c8295cfbf",
                  "parentUUID": "f085d664-ca15-4a19-a453-9e2608f8a100",
                  "isHook": false,
                  "skipped": false
                },
                {
                  "title": "CT84 - Validar rota de exclusão de carrinho ao concluir compra",
                  "fullTitle": "Casos de teste sobre o fluxo de compra da API Serverest CT01 - Validar rota de login com sucesso CT84 - Validar rota de exclusão de carrinho ao concluir compra",
                  "timedOut": null,
                  "duration": 993,
                  "state": "passed",
                  "speed": "fast",
                  "pass": true,
                  "fail": false,
                  "pending": false,
                  "context": null,
                  "code": "_serverest.default.concluirCompra().then(res => {\n  cy.contractValidation(res, '15.delete-carrinhos-concluir-compra', 200);\n  _validaServerest.default.validarExclusaoDeCarrinhoComSucesso(res);\n});",
                  "err": {},
                  "uuid": "67dfcb9b-1425-4101-8c20-2a6247ed25ce",
                  "parentUUID": "f085d664-ca15-4a19-a453-9e2608f8a100",
                  "isHook": false,
                  "skipped": false
                }
              ],
              "suites": [],
              "passes": [
                "c06e25fb-cee8-43e3-9fbe-d020761c20fa",
                "e9b3c657-d414-42fe-ade3-0db50b69ae9c",
                "af79d15e-3a0f-49e1-8f7a-2e5c8295cfbf",
                "67dfcb9b-1425-4101-8c20-2a6247ed25ce"
              ],
              "failures": [],
              "pending": [],
              "skipped": [],
              "duration": 5675,
              "root": false,
              "rootEmpty": false,
              "_timeout": 2000
            }
          ],
          "passes": [
            "0dce83b9-f600-40b2-8155-7124e9ec1680"
          ],
          "failures": [],
          "pending": [],
          "skipped": [],
          "duration": 419,
          "root": false,
          "rootEmpty": false,
          "_timeout": 2000
        }
      ],
      "passes": [],
      "failures": [],
      "pending": [],
      "skipped": [],
      "duration": 0,
      "root": true,
      "rootEmpty": true,
      "_timeout": 2000
    }
  ],
  "meta": {
    "mocha": {
      "version": "7.0.1"
    },
    "mochawesome": {
      "options": {
        "quiet": false,
        "reportFilename": "mochawesome",
        "saveHtml": false,
        "saveJson": true,
        "consoleReporter": "spec",
        "useInlineDiffs": false,
        "code": true
      },
      "version": "7.1.3"
    },
    "marge": {
      "options": {
        "id": "default",
        "reportDir": "cypress/reports/mocha",
        "quite": true,
        "overwrite": false,
        "html": false,
        "json": true
      },
      "version": "6.2.0"
    }
  }
}