{
  "stats": {
    "suites": 2,
    "tests": 5,
    "passes": 5,
    "pending": 0,
    "failures": 0,
    "start": "2022-09-28T01:48:53.486Z",
    "end": "2022-09-28T01:48:58.658Z",
    "duration": 5172,
    "testsRegistered": 5,
    "passPercent": 100,
    "pendingPercent": 0,
    "other": 0,
    "hasOther": false,
    "skipped": 0,
    "hasSkipped": false
  },
  "results": [
    {
      "uuid": "0c9282e7-bf89-48c8-b218-1d092c366fb2",
      "title": "",
      "fullFile": "cypress/integration/5.fluxoDeCompra.spec.js",
      "file": "cypress/integration/5.fluxoDeCompra.spec.js",
      "beforeHooks": [],
      "afterHooks": [],
      "tests": [],
      "suites": [
        {
          "uuid": "759ae41b-281c-407f-a4fe-c080a2d52fbe",
          "title": "Casos de teste sobre o fluxo de compra da API Serverest",
          "fullFile": "",
          "file": "",
          "beforeHooks": [],
          "afterHooks": [],
          "tests": [
            {
              "title": "CT23 - Validar rota de criação de usuário com sucesso",
              "fullTitle": "Casos de teste sobre o fluxo de compra da API Serverest CT23 - Validar rota de criação de usuário com sucesso",
              "timedOut": null,
              "duration": 402,
              "state": "passed",
              "speed": "fast",
              "pass": true,
              "fail": false,
              "pending": false,
              "context": null,
              "code": "_serverest.default.postarUsuarioValido().then(res => {\n  cy.contractValidation(res, '4.post-usuarios', 201);\n  _validaServerest.default.validarCadastroDeUsuarioComSucesso(res);\n});",
              "err": {},
              "uuid": "e03625b6-e71c-44e2-a21b-fa0936e7cf30",
              "parentUUID": "759ae41b-281c-407f-a4fe-c080a2d52fbe",
              "isHook": false,
              "skipped": false
            }
          ],
          "suites": [
            {
              "uuid": "0a6e41ec-fcd2-493c-aa61-90db921c7fed",
              "title": "CT01 - Validar rota de login com sucesso",
              "fullFile": "",
              "file": "",
              "beforeHooks": [],
              "afterHooks": [],
              "tests": [
                {
                  "title": "CT42 - Validar rota de lista de produtos com sucesso",
                  "fullTitle": "Casos de teste sobre o fluxo de compra da API Serverest CT01 - Validar rota de login com sucesso CT42 - Validar rota de lista de produtos com sucesso",
                  "timedOut": null,
                  "duration": 1056,
                  "state": "passed",
                  "speed": "fast",
                  "pass": true,
                  "fail": false,
                  "pending": false,
                  "context": null,
                  "code": "_serverest.default.buscarProdutos().then(res => {\n  cy.contractValidation(res, '7.get-produtos', 200);\n  _validaServerest.default.validarBuscaDeProdutos(res);\n});",
                  "err": {},
                  "uuid": "95feaad0-891e-4353-a623-9362e028529c",
                  "parentUUID": "0a6e41ec-fcd2-493c-aa61-90db921c7fed",
                  "isHook": false,
                  "skipped": false
                },
                {
                  "title": "CT73 - Validar rota de criação de carrinho com sucesso",
                  "fullTitle": "Casos de teste sobre o fluxo de compra da API Serverest CT01 - Validar rota de login com sucesso CT73 - Validar rota de criação de carrinho com sucesso",
                  "timedOut": null,
                  "duration": 1335,
                  "state": "passed",
                  "speed": "fast",
                  "pass": true,
                  "fail": false,
                  "pending": false,
                  "context": null,
                  "code": "_serverest.default.buscarProdutoParaCarrinho();\ncy.get('@produtoCarrinho').then(produto => {\n  _serverest.default.adicionarProdutoAoCarrinho(produto).then(res => {\n    cy.contractValidation(res, '14.post-carrinhos', 201);\n    _validaServerest.default.validarCadastroDeCarrinhoComSucesso(res);\n  });\n});",
                  "err": {},
                  "uuid": "e713a98e-8da4-4976-bfd2-b3bf8688012d",
                  "parentUUID": "0a6e41ec-fcd2-493c-aa61-90db921c7fed",
                  "isHook": false,
                  "skipped": false
                },
                {
                  "title": "CT68 - Validar rota de lista de carrinhos",
                  "fullTitle": "Casos de teste sobre o fluxo de compra da API Serverest CT01 - Validar rota de login com sucesso CT68 - Validar rota de lista de carrinhos",
                  "timedOut": null,
                  "duration": 1440,
                  "state": "passed",
                  "speed": "fast",
                  "pass": true,
                  "fail": false,
                  "pending": false,
                  "context": null,
                  "code": "_serverest.default.buscarCarrinho().then(res => {\n  cy.contractValidation(res, '12.get-carrinhos', 200);\n  _validaServerest.default.validarBuscaDeCarrinho(res);\n});",
                  "err": {},
                  "uuid": "94a5ec05-498c-4142-862b-4f775402bcd6",
                  "parentUUID": "0a6e41ec-fcd2-493c-aa61-90db921c7fed",
                  "isHook": false,
                  "skipped": false
                },
                {
                  "title": "CT84 - Validar rota de exclusão de carrinho ao concluir compra",
                  "fullTitle": "Casos de teste sobre o fluxo de compra da API Serverest CT01 - Validar rota de login com sucesso CT84 - Validar rota de exclusão de carrinho ao concluir compra",
                  "timedOut": null,
                  "duration": 853,
                  "state": "passed",
                  "speed": "fast",
                  "pass": true,
                  "fail": false,
                  "pending": false,
                  "context": null,
                  "code": "_serverest.default.concluirCompra().then(res => {\n  cy.contractValidation(res, '15.delete-carrinhos-concluir-compra', 200);\n  _validaServerest.default.validarExclusaoDeCarrinhoComSucesso(res);\n});",
                  "err": {},
                  "uuid": "1e70d3fc-bbe5-4894-9101-8328b7b030aa",
                  "parentUUID": "0a6e41ec-fcd2-493c-aa61-90db921c7fed",
                  "isHook": false,
                  "skipped": false
                }
              ],
              "suites": [],
              "passes": [
                "95feaad0-891e-4353-a623-9362e028529c",
                "e713a98e-8da4-4976-bfd2-b3bf8688012d",
                "94a5ec05-498c-4142-862b-4f775402bcd6",
                "1e70d3fc-bbe5-4894-9101-8328b7b030aa"
              ],
              "failures": [],
              "pending": [],
              "skipped": [],
              "duration": 4684,
              "root": false,
              "rootEmpty": false,
              "_timeout": 2000
            }
          ],
          "passes": [
            "e03625b6-e71c-44e2-a21b-fa0936e7cf30"
          ],
          "failures": [],
          "pending": [],
          "skipped": [],
          "duration": 402,
          "root": false,
          "rootEmpty": false,
          "_timeout": 2000
        }
      ],
      "passes": [],
      "failures": [],
      "pending": [],
      "skipped": [],
      "duration": 0,
      "root": true,
      "rootEmpty": true,
      "_timeout": 2000
    }
  ],
  "meta": {
    "mocha": {
      "version": "7.0.1"
    },
    "mochawesome": {
      "options": {
        "quiet": false,
        "reportFilename": "mochawesome",
        "saveHtml": false,
        "saveJson": true,
        "consoleReporter": "spec",
        "useInlineDiffs": false,
        "code": true
      },
      "version": "7.1.3"
    },
    "marge": {
      "options": {
        "id": "default",
        "reportDir": "cypress/reports/mocha",
        "quite": true,
        "overwrite": false,
        "html": false,
        "json": true
      },
      "version": "6.2.0"
    }
  }
}