{
  "stats": {
    "suites": 1,
    "tests": 3,
    "passes": 1,
    "pending": 0,
    "failures": 2,
    "start": "2022-09-27T21:37:05.172Z",
    "end": "2022-09-27T21:37:09.030Z",
    "duration": 3858,
    "testsRegistered": 3,
    "passPercent": 33.33333333333333,
    "pendingPercent": 0,
    "other": 0,
    "hasOther": false,
    "skipped": 0,
    "hasSkipped": false
  },
  "results": [
    {
      "uuid": "68235f03-8c5d-47c5-82e6-7cce35a67ea3",
      "title": "",
      "fullFile": "cypress/integration/1.login.spec.js",
      "file": "cypress/integration/1.login.spec.js",
      "beforeHooks": [],
      "afterHooks": [],
      "tests": [],
      "suites": [
        {
          "uuid": "abdbdabd-8e97-4208-8f0c-157a7b5b8ec6",
          "title": "Casos de teste sobre a rota /login da API Serverest",
          "fullFile": "",
          "file": "",
          "beforeHooks": [],
          "afterHooks": [],
          "tests": [
            {
              "title": "CT01 - Validar rota de login com sucesso",
              "fullTitle": "Casos de teste sobre a rota /login da API Serverest CT01 - Validar rota de login com sucesso",
              "timedOut": null,
              "duration": 1357,
              "state": "passed",
              "speed": "fast",
              "pass": true,
              "fail": false,
              "pending": false,
              "context": null,
              "code": "_serverest.default.buscarUsuarioParaLogin();\ncy.get('@usuarioLogin').then(usuario => {\n  _serverest.default.logar(usuario).then(res => {\n    cy.contractValidation(res, '1.login', 200);\n    _validaServerest.default.validarLoginComSucesso(res);\n    _serverest.default.salvarBearer(res);\n  });\n});",
              "err": {},
              "uuid": "402ba71d-a1b1-4b64-9db8-2ccef9fab460",
              "parentUUID": "abdbdabd-8e97-4208-8f0c-157a7b5b8ec6",
              "isHook": false,
              "skipped": false
            },
            {
              "title": "CT02 - Validar rota de login email não cadastrado",
              "fullTitle": "Casos de teste sobre a rota /login da API Serverest CT02 - Validar rota de login email não cadastrado",
              "timedOut": null,
              "duration": 669,
              "state": "failed",
              "speed": null,
              "pass": false,
              "fail": true,
              "pending": false,
              "context": null,
              "code": "_serverest.default.logarUsuarioFalso().then(res => {\n  cy.contractValidation(res, '1.login', 400);\n  _validaServerest.default.validarLoginSemSucesso(res);\n});",
              "err": {
                "message": "AssertionError: expected 401 to equal 400",
                "estack": "AssertionError: expected 401 to equal 400\n    at Function.validarLoginSemSucesso (https://serverest.dev/__cypress/tests?p=cypress\\integration\\1.login.spec.js:483:32)\n    at Context.eval (https://serverest.dev/__cypress/tests?p=cypress\\integration\\1.login.spec.js:198:32)",
                "diff": "- 401\n+ 400\n"
              },
              "uuid": "a71f919d-756a-4e4e-8862-92d8435d73ff",
              "parentUUID": "abdbdabd-8e97-4208-8f0c-157a7b5b8ec6",
              "isHook": false,
              "skipped": false
            },
            {
              "title": "CT03 - Validar rota de login com senha incorreta",
              "fullTitle": "Casos de teste sobre a rota /login da API Serverest CT03 - Validar rota de login com senha incorreta",
              "timedOut": null,
              "duration": 1681,
              "state": "failed",
              "speed": null,
              "pass": false,
              "fail": true,
              "pending": false,
              "context": null,
              "code": "_serverest.default.buscarUsuarioParaLoginComSenhaInvalida();\ncy.get('@usuarioLogin').then(usuario => {\n  _serverest.default.logar(usuario).then(res => {\n    cy.contractValidation(res, '1.login', 400);\n    _validaServerest.default.validarLoginSemSucesso(res);\n  });\n});",
              "err": {
                "message": "AssertionError: expected 401 to equal 400",
                "estack": "AssertionError: expected 401 to equal 400\n    at Function.validarLoginSemSucesso (https://serverest.dev/__cypress/tests?p=cypress\\integration\\1.login.spec.js:483:32)\n    at Context.eval (https://serverest.dev/__cypress/tests?p=cypress\\integration\\1.login.spec.js:208:34)",
                "diff": "- 401\n+ 400\n"
              },
              "uuid": "5062e472-2e40-4c89-b060-d6a7914ad4f3",
              "parentUUID": "abdbdabd-8e97-4208-8f0c-157a7b5b8ec6",
              "isHook": false,
              "skipped": false
            }
          ],
          "suites": [],
          "passes": [
            "402ba71d-a1b1-4b64-9db8-2ccef9fab460"
          ],
          "failures": [
            "a71f919d-756a-4e4e-8862-92d8435d73ff",
            "5062e472-2e40-4c89-b060-d6a7914ad4f3"
          ],
          "pending": [],
          "skipped": [],
          "duration": 3707,
          "root": false,
          "rootEmpty": false,
          "_timeout": 2000
        }
      ],
      "passes": [],
      "failures": [],
      "pending": [],
      "skipped": [],
      "duration": 0,
      "root": true,
      "rootEmpty": true,
      "_timeout": 2000
    }
  ],
  "meta": {
    "mocha": {
      "version": "7.0.1"
    },
    "mochawesome": {
      "options": {
        "quiet": false,
        "reportFilename": "mochawesome",
        "saveHtml": false,
        "saveJson": true,
        "consoleReporter": "spec",
        "useInlineDiffs": false,
        "code": true
      },
      "version": "7.1.3"
    },
    "marge": {
      "options": {
        "id": "default",
        "reportDir": "cypress/reports/mocha",
        "quite": true,
        "overwrite": false,
        "html": false,
        "json": true
      },
      "version": "6.2.0"
    }
  }
}