{
  "stats": {
    "suites": 2,
    "tests": 9,
    "passes": 9,
    "pending": 0,
    "failures": 0,
    "start": "2022-09-27T21:38:06.355Z",
    "end": "2022-09-27T21:38:19.022Z",
    "duration": 12667,
    "testsRegistered": 9,
    "passPercent": 100,
    "pendingPercent": 0,
    "other": 0,
    "hasOther": false,
    "skipped": 0,
    "hasSkipped": false
  },
  "results": [
    {
      "uuid": "7d59b5d7-4440-48ec-b86d-b372f1c780f5",
      "title": "",
      "fullFile": "cypress/integration/6.fluxoAdministrativo.spec.js",
      "file": "cypress/integration/6.fluxoAdministrativo.spec.js",
      "beforeHooks": [],
      "afterHooks": [],
      "tests": [],
      "suites": [
        {
          "uuid": "b0fd232f-b05d-4164-aa43-64e6e2c30931",
          "title": "Casos de teste sobre a área administrativa da API Serverest",
          "fullFile": "",
          "file": "",
          "beforeHooks": [],
          "afterHooks": [],
          "tests": [],
          "suites": [
            {
              "uuid": "c2183ab0-dfa8-45ed-87ce-d566ef0950f1",
              "title": "CT01 - Validar rota de login com sucesso",
              "fullFile": "",
              "file": "",
              "beforeHooks": [],
              "afterHooks": [],
              "tests": [
                {
                  "title": "CT18 - Validar rota de lista de usuários",
                  "fullTitle": "Casos de teste sobre a área administrativa da API Serverest CT01 - Validar rota de login com sucesso CT18 - Validar rota de lista de usuários",
                  "timedOut": null,
                  "duration": 1561,
                  "state": "passed",
                  "speed": "fast",
                  "pass": true,
                  "fail": false,
                  "pending": false,
                  "context": null,
                  "code": "_serverest.default.buscarUsuarios().then(res => {\n  cy.contractValidation(res, '2.get-usuarios', 200);\n  _validaServerest.default.validarBuscaDeUsuarios(res);\n});",
                  "err": {},
                  "uuid": "27d7d852-10f2-43bc-8998-89e12b98d574",
                  "parentUUID": "c2183ab0-dfa8-45ed-87ce-d566ef0950f1",
                  "isHook": false,
                  "skipped": false
                },
                {
                  "title": "CT23 - Validar rota de criação de usuário com sucesso",
                  "fullTitle": "Casos de teste sobre a área administrativa da API Serverest CT01 - Validar rota de login com sucesso CT23 - Validar rota de criação de usuário com sucesso",
                  "timedOut": null,
                  "duration": 1576,
                  "state": "passed",
                  "speed": "fast",
                  "pass": true,
                  "fail": false,
                  "pending": false,
                  "context": null,
                  "code": "_serverest.default.postarUsuarioValido().then(res => {\n  cy.contractValidation(res, '4.post-usuarios', 201);\n  _validaServerest.default.validarCadastroDeUsuarioComSucesso(res);\n});",
                  "err": {},
                  "uuid": "c8f5130a-316f-47a4-a72c-7076f7edb365",
                  "parentUUID": "c2183ab0-dfa8-45ed-87ce-d566ef0950f1",
                  "isHook": false,
                  "skipped": false
                },
                {
                  "title": "CT30 - Validar rota de alteração de usuário com sucesso",
                  "fullTitle": "Casos de teste sobre a área administrativa da API Serverest CT01 - Validar rota de login com sucesso CT30 - Validar rota de alteração de usuário com sucesso",
                  "timedOut": null,
                  "duration": 1316,
                  "state": "passed",
                  "speed": "fast",
                  "pass": true,
                  "fail": false,
                  "pending": false,
                  "context": null,
                  "code": "_serverest.default.alterarUsuarioCadastrado().then(res => {\n  cy.contractValidation(res, '6.put-usuarios-by-id', 200);\n  _validaServerest.default.validarAlteracaoDeUsuarioComSucesso(res);\n});",
                  "err": {},
                  "uuid": "ef7cd97a-3f52-4a4b-8537-3c1239328dff",
                  "parentUUID": "c2183ab0-dfa8-45ed-87ce-d566ef0950f1",
                  "isHook": false,
                  "skipped": false
                },
                {
                  "title": "CT38 - Validar rota de exclusão de usuário com sucesso",
                  "fullTitle": "Casos de teste sobre a área administrativa da API Serverest CT01 - Validar rota de login com sucesso CT38 - Validar rota de exclusão de usuário com sucesso",
                  "timedOut": null,
                  "duration": 1168,
                  "state": "passed",
                  "speed": "fast",
                  "pass": true,
                  "fail": false,
                  "pending": false,
                  "context": null,
                  "code": "_serverest.default.deletarUsuarioCadastrado().then(res => {\n  cy.contractValidation(res, '5.delete-usuarios-by-id', 200);\n  _validaServerest.default.validarExclusaoDeProdutoComSucesso(res);\n});",
                  "err": {},
                  "uuid": "e13137bd-47e7-4c04-a899-d4900389c1fa",
                  "parentUUID": "c2183ab0-dfa8-45ed-87ce-d566ef0950f1",
                  "isHook": false,
                  "skipped": false
                },
                {
                  "title": "CT38 - Validar rota de lista de produtos com sucesso",
                  "fullTitle": "Casos de teste sobre a área administrativa da API Serverest CT01 - Validar rota de login com sucesso CT38 - Validar rota de lista de produtos com sucesso",
                  "timedOut": null,
                  "duration": 1522,
                  "state": "passed",
                  "speed": "fast",
                  "pass": true,
                  "fail": false,
                  "pending": false,
                  "context": null,
                  "code": "_serverest.default.buscarProdutos().then(res => {\n  cy.contractValidation(res, '7.get-produtos', 200);\n  _validaServerest.default.validarBuscaDeProdutos(res);\n});",
                  "err": {},
                  "uuid": "ddeb5ada-3411-48b3-aa72-0ef6afe314eb",
                  "parentUUID": "c2183ab0-dfa8-45ed-87ce-d566ef0950f1",
                  "isHook": false,
                  "skipped": false
                },
                {
                  "title": "CT45 - Validar rota de cadastro de produtos com sucesso",
                  "fullTitle": "Casos de teste sobre a área administrativa da API Serverest CT01 - Validar rota de login com sucesso CT45 - Validar rota de cadastro de produtos com sucesso",
                  "timedOut": null,
                  "duration": 1299,
                  "state": "passed",
                  "speed": "fast",
                  "pass": true,
                  "fail": false,
                  "pending": false,
                  "context": null,
                  "code": "_serverest.default.cadastrarProdutoComSucesso().then(res => {\n  cy.contractValidation(res, '9.post-produtos', 201);\n  _validaServerest.default.validarCadastroDeProdutoComSucesso(res);\n});",
                  "err": {},
                  "uuid": "8cb47ef0-eb56-436e-abea-27d77cfa273b",
                  "parentUUID": "c2183ab0-dfa8-45ed-87ce-d566ef0950f1",
                  "isHook": false,
                  "skipped": false
                },
                {
                  "title": "CT53 - Validar rota de alteração de produto com sucesso",
                  "fullTitle": "Casos de teste sobre a área administrativa da API Serverest CT01 - Validar rota de login com sucesso CT53 - Validar rota de alteração de produto com sucesso",
                  "timedOut": null,
                  "duration": 1327,
                  "state": "passed",
                  "speed": "fast",
                  "pass": true,
                  "fail": false,
                  "pending": false,
                  "context": null,
                  "code": "_serverest.default.alterarProdutoCadastrado().then(res => {\n  cy.contractValidation(res, '11.put-produtos-by-id', 200);\n  _validaServerest.default.validarAlteracaoDeProdutoComSucesso(res);\n});",
                  "err": {},
                  "uuid": "a8e10737-fa56-4c6d-98b3-04540695d942",
                  "parentUUID": "c2183ab0-dfa8-45ed-87ce-d566ef0950f1",
                  "isHook": false,
                  "skipped": false
                },
                {
                  "title": "CT62 - Validar rota de exclusão de produtos com sucesso",
                  "fullTitle": "Casos de teste sobre a área administrativa da API Serverest CT01 - Validar rota de login com sucesso CT62 - Validar rota de exclusão de produtos com sucesso",
                  "timedOut": null,
                  "duration": 1307,
                  "state": "passed",
                  "speed": "fast",
                  "pass": true,
                  "fail": false,
                  "pending": false,
                  "context": null,
                  "code": "_serverest.default.deletarProdutoCadastrado().then(res => {\n  cy.contractValidation(res, '10.delete-produtos-by-id', 200);\n  _validaServerest.default.validarExclusaoDeProdutoComSucesso(res);\n});",
                  "err": {},
                  "uuid": "68eeed49-1d2d-4be4-aae4-2cb59e3d420c",
                  "parentUUID": "c2183ab0-dfa8-45ed-87ce-d566ef0950f1",
                  "isHook": false,
                  "skipped": false
                },
                {
                  "title": "CT68 - Validar rota de lista de carrinhos",
                  "fullTitle": "Casos de teste sobre a área administrativa da API Serverest CT01 - Validar rota de login com sucesso CT68 - Validar rota de lista de carrinhos",
                  "timedOut": null,
                  "duration": 1492,
                  "state": "passed",
                  "speed": "fast",
                  "pass": true,
                  "fail": false,
                  "pending": false,
                  "context": null,
                  "code": "_serverest.default.buscarCarrinho().then(res => {\n  cy.contractValidation(res, '12.get-carrinhos', 200);\n  _validaServerest.default.validarBuscaDeCarrinho(res);\n});",
                  "err": {},
                  "uuid": "2e8ae4c9-ab1b-4d84-ad78-dd0a35870384",
                  "parentUUID": "c2183ab0-dfa8-45ed-87ce-d566ef0950f1",
                  "isHook": false,
                  "skipped": false
                }
              ],
              "suites": [],
              "passes": [
                "27d7d852-10f2-43bc-8998-89e12b98d574",
                "c8f5130a-316f-47a4-a72c-7076f7edb365",
                "ef7cd97a-3f52-4a4b-8537-3c1239328dff",
                "e13137bd-47e7-4c04-a899-d4900389c1fa",
                "ddeb5ada-3411-48b3-aa72-0ef6afe314eb",
                "8cb47ef0-eb56-436e-abea-27d77cfa273b",
                "a8e10737-fa56-4c6d-98b3-04540695d942",
                "68eeed49-1d2d-4be4-aae4-2cb59e3d420c",
                "2e8ae4c9-ab1b-4d84-ad78-dd0a35870384"
              ],
              "failures": [],
              "pending": [],
              "skipped": [],
              "duration": 12568,
              "root": false,
              "rootEmpty": false,
              "_timeout": 2000
            }
          ],
          "passes": [],
          "failures": [],
          "pending": [],
          "skipped": [],
          "duration": 0,
          "root": false,
          "rootEmpty": false,
          "_timeout": 2000
        }
      ],
      "passes": [],
      "failures": [],
      "pending": [],
      "skipped": [],
      "duration": 0,
      "root": true,
      "rootEmpty": true,
      "_timeout": 2000
    }
  ],
  "meta": {
    "mocha": {
      "version": "7.0.1"
    },
    "mochawesome": {
      "options": {
        "quiet": false,
        "reportFilename": "mochawesome",
        "saveHtml": false,
        "saveJson": true,
        "consoleReporter": "spec",
        "useInlineDiffs": false,
        "code": true
      },
      "version": "7.1.3"
    },
    "marge": {
      "options": {
        "id": "default",
        "reportDir": "cypress/reports/mocha",
        "quite": true,
        "overwrite": false,
        "html": false,
        "json": true
      },
      "version": "6.2.0"
    }
  }
}