{
  "stats": {
    "suites": 2,
    "tests": 3,
    "passes": 3,
    "pending": 0,
    "failures": 0,
    "start": "2022-09-27T21:37:39.751Z",
    "end": "2022-09-27T21:37:43.630Z",
    "duration": 3879,
    "testsRegistered": 3,
    "passPercent": 100,
    "pendingPercent": 0,
    "other": 0,
    "hasOther": false,
    "skipped": 0,
    "hasSkipped": false
  },
  "results": [
    {
      "uuid": "1b3b70ad-eb9e-43c6-894f-4b1c472496db",
      "title": "",
      "fullFile": "cypress/integration/4.cadastroCarrinhos.spec.js",
      "file": "cypress/integration/4.cadastroCarrinhos.spec.js",
      "beforeHooks": [],
      "afterHooks": [],
      "tests": [],
      "suites": [
        {
          "uuid": "ad86992e-3ac8-4faf-9c70-48df00d2d081",
          "title": "Casos de teste sobre a rota /carrinhos da API Serverest",
          "fullFile": "",
          "file": "",
          "beforeHooks": [],
          "afterHooks": [],
          "tests": [],
          "suites": [
            {
              "uuid": "8af3a03f-b531-4d6c-8037-9e2180fe91ae",
              "title": "CT01 - Validar rota de login com sucesso",
              "fullFile": "",
              "file": "",
              "beforeHooks": [],
              "afterHooks": [],
              "tests": [
                {
                  "title": "CT73 - Validar rota de criação de carrinho com sucesso",
                  "fullTitle": "Casos de teste sobre a rota /carrinhos da API Serverest CT01 - Validar rota de login com sucesso CT73 - Validar rota de criação de carrinho com sucesso",
                  "timedOut": null,
                  "duration": 1443,
                  "state": "passed",
                  "speed": "fast",
                  "pass": true,
                  "fail": false,
                  "pending": false,
                  "context": null,
                  "code": "_serverest.default.buscarProdutoParaCarrinho();\ncy.get('@produtoCarrinho').then(produto => {\n  _serverest.default.adicionarProdutoAoCarrinho(produto).then(res => {\n    cy.contractValidation(res, '14.post-carrinhos', 201);\n    _validaServerest.default.validarCadastroDeCarrinhoComSucesso(res);\n  });\n});",
                  "err": {},
                  "uuid": "6379f285-9fbd-4a97-9ecd-eccf05e7c12d",
                  "parentUUID": "8af3a03f-b531-4d6c-8037-9e2180fe91ae",
                  "isHook": false,
                  "skipped": false
                },
                {
                  "title": "CT68 - Validar rota de lista de carrinhos",
                  "fullTitle": "Casos de teste sobre a rota /carrinhos da API Serverest CT01 - Validar rota de login com sucesso CT68 - Validar rota de lista de carrinhos",
                  "timedOut": null,
                  "duration": 1143,
                  "state": "passed",
                  "speed": "fast",
                  "pass": true,
                  "fail": false,
                  "pending": false,
                  "context": null,
                  "code": "_serverest.default.buscarCarrinho().then(res => {\n  cy.contractValidation(res, '12.get-carrinhos', 200);\n  _validaServerest.default.validarBuscaDeCarrinho(res);\n});",
                  "err": {},
                  "uuid": "9d4119c6-d770-4d69-972b-e0041cc31e08",
                  "parentUUID": "8af3a03f-b531-4d6c-8037-9e2180fe91ae",
                  "isHook": false,
                  "skipped": false
                },
                {
                  "title": "CT84 - Validar rota de exclusão de carrinho ao concluir compra",
                  "fullTitle": "Casos de teste sobre a rota /carrinhos da API Serverest CT01 - Validar rota de login com sucesso CT84 - Validar rota de exclusão de carrinho ao concluir compra",
                  "timedOut": null,
                  "duration": 1252,
                  "state": "passed",
                  "speed": "fast",
                  "pass": true,
                  "fail": false,
                  "pending": false,
                  "context": null,
                  "code": "_serverest.default.concluirCompra().then(res => {\n  cy.contractValidation(res, '15.delete-carrinhos-concluir-compra', 200);\n  _validaServerest.default.validarExclusaoDeCarrinhoComSucesso(res);\n});",
                  "err": {},
                  "uuid": "652ae9a2-5b95-433a-ac48-a140d7acbb9e",
                  "parentUUID": "8af3a03f-b531-4d6c-8037-9e2180fe91ae",
                  "isHook": false,
                  "skipped": false
                }
              ],
              "suites": [],
              "passes": [
                "6379f285-9fbd-4a97-9ecd-eccf05e7c12d",
                "9d4119c6-d770-4d69-972b-e0041cc31e08",
                "652ae9a2-5b95-433a-ac48-a140d7acbb9e"
              ],
              "failures": [],
              "pending": [],
              "skipped": [],
              "duration": 3838,
              "root": false,
              "rootEmpty": false,
              "_timeout": 2000
            }
          ],
          "passes": [],
          "failures": [],
          "pending": [],
          "skipped": [],
          "duration": 0,
          "root": false,
          "rootEmpty": false,
          "_timeout": 2000
        }
      ],
      "passes": [],
      "failures": [],
      "pending": [],
      "skipped": [],
      "duration": 0,
      "root": true,
      "rootEmpty": true,
      "_timeout": 2000
    }
  ],
  "meta": {
    "mocha": {
      "version": "7.0.1"
    },
    "mochawesome": {
      "options": {
        "quiet": false,
        "reportFilename": "mochawesome",
        "saveHtml": false,
        "saveJson": true,
        "consoleReporter": "spec",
        "useInlineDiffs": false,
        "code": true
      },
      "version": "7.1.3"
    },
    "marge": {
      "options": {
        "id": "default",
        "reportDir": "cypress/reports/mocha",
        "quite": true,
        "overwrite": false,
        "html": false,
        "json": true
      },
      "version": "6.2.0"
    }
  }
}