{
  "stats": {
    "suites": 2,
    "tests": 9,
    "passes": 9,
    "pending": 0,
    "failures": 0,
    "start": "2022-09-28T01:49:07.565Z",
    "end": "2022-09-28T01:49:17.872Z",
    "duration": 10307,
    "testsRegistered": 9,
    "passPercent": 100,
    "pendingPercent": 0,
    "other": 0,
    "hasOther": false,
    "skipped": 0,
    "hasSkipped": false
  },
  "results": [
    {
      "uuid": "cd0bcb8d-8c0f-4bc2-9212-9eb6e32f6565",
      "title": "",
      "fullFile": "cypress/integration/6.fluxoAdministrativo.spec.js",
      "file": "cypress/integration/6.fluxoAdministrativo.spec.js",
      "beforeHooks": [],
      "afterHooks": [],
      "tests": [],
      "suites": [
        {
          "uuid": "db232b9f-40cd-4f66-b9f3-fc0cda33f315",
          "title": "Casos de teste sobre a área administrativa da API Serverest",
          "fullFile": "",
          "file": "",
          "beforeHooks": [],
          "afterHooks": [],
          "tests": [],
          "suites": [
            {
              "uuid": "2b36a5db-d5b2-46b4-aba9-d91e2840071f",
              "title": "CT01 - Validar rota de login com sucesso",
              "fullFile": "",
              "file": "",
              "beforeHooks": [],
              "afterHooks": [],
              "tests": [
                {
                  "title": "CT18 - Validar rota de lista de usuários",
                  "fullTitle": "Casos de teste sobre a área administrativa da API Serverest CT01 - Validar rota de login com sucesso CT18 - Validar rota de lista de usuários",
                  "timedOut": null,
                  "duration": 1523,
                  "state": "passed",
                  "speed": "fast",
                  "pass": true,
                  "fail": false,
                  "pending": false,
                  "context": null,
                  "code": "_serverest.default.buscarUsuarios().then(res => {\n  cy.contractValidation(res, '2.get-usuarios', 200);\n  _validaServerest.default.validarBuscaDeUsuarios(res);\n});",
                  "err": {},
                  "uuid": "f002ec51-0a2b-4cb7-a96d-96b5d7804cf7",
                  "parentUUID": "2b36a5db-d5b2-46b4-aba9-d91e2840071f",
                  "isHook": false,
                  "skipped": false
                },
                {
                  "title": "CT23 - Validar rota de criação de usuário com sucesso",
                  "fullTitle": "Casos de teste sobre a área administrativa da API Serverest CT01 - Validar rota de login com sucesso CT23 - Validar rota de criação de usuário com sucesso",
                  "timedOut": null,
                  "duration": 911,
                  "state": "passed",
                  "speed": "fast",
                  "pass": true,
                  "fail": false,
                  "pending": false,
                  "context": null,
                  "code": "_serverest.default.postarUsuarioValido().then(res => {\n  cy.contractValidation(res, '4.post-usuarios', 201);\n  _validaServerest.default.validarCadastroDeUsuarioComSucesso(res);\n});",
                  "err": {},
                  "uuid": "0e26ed35-e080-40cb-a7c8-3c81383d3b0a",
                  "parentUUID": "2b36a5db-d5b2-46b4-aba9-d91e2840071f",
                  "isHook": false,
                  "skipped": false
                },
                {
                  "title": "CT30 - Validar rota de alteração de usuário com sucesso",
                  "fullTitle": "Casos de teste sobre a área administrativa da API Serverest CT01 - Validar rota de login com sucesso CT30 - Validar rota de alteração de usuário com sucesso",
                  "timedOut": null,
                  "duration": 1001,
                  "state": "passed",
                  "speed": "fast",
                  "pass": true,
                  "fail": false,
                  "pending": false,
                  "context": null,
                  "code": "_serverest.default.alterarUsuarioCadastrado().then(res => {\n  cy.contractValidation(res, '6.put-usuarios-by-id', 200);\n  _validaServerest.default.validarAlteracaoDeUsuarioComSucesso(res);\n});",
                  "err": {},
                  "uuid": "86db85d3-df58-4642-8f53-aa2be44ef85b",
                  "parentUUID": "2b36a5db-d5b2-46b4-aba9-d91e2840071f",
                  "isHook": false,
                  "skipped": false
                },
                {
                  "title": "CT38 - Validar rota de exclusão de usuário com sucesso",
                  "fullTitle": "Casos de teste sobre a área administrativa da API Serverest CT01 - Validar rota de login com sucesso CT38 - Validar rota de exclusão de usuário com sucesso",
                  "timedOut": null,
                  "duration": 978,
                  "state": "passed",
                  "speed": "fast",
                  "pass": true,
                  "fail": false,
                  "pending": false,
                  "context": null,
                  "code": "_serverest.default.deletarUsuarioCadastrado().then(res => {\n  cy.contractValidation(res, '5.delete-usuarios-by-id', 200);\n  _validaServerest.default.validarExclusaoDeProdutoComSucesso(res);\n});",
                  "err": {},
                  "uuid": "7263277d-a77a-462f-b8be-b50f7249d3a0",
                  "parentUUID": "2b36a5db-d5b2-46b4-aba9-d91e2840071f",
                  "isHook": false,
                  "skipped": false
                },
                {
                  "title": "CT38 - Validar rota de lista de produtos com sucesso",
                  "fullTitle": "Casos de teste sobre a área administrativa da API Serverest CT01 - Validar rota de login com sucesso CT38 - Validar rota de lista de produtos com sucesso",
                  "timedOut": null,
                  "duration": 1152,
                  "state": "passed",
                  "speed": "fast",
                  "pass": true,
                  "fail": false,
                  "pending": false,
                  "context": null,
                  "code": "_serverest.default.buscarProdutos().then(res => {\n  cy.contractValidation(res, '7.get-produtos', 200);\n  _validaServerest.default.validarBuscaDeProdutos(res);\n});",
                  "err": {},
                  "uuid": "384bf1ed-cb3c-4d7f-a25f-030aa265a63f",
                  "parentUUID": "2b36a5db-d5b2-46b4-aba9-d91e2840071f",
                  "isHook": false,
                  "skipped": false
                },
                {
                  "title": "CT45 - Validar rota de cadastro de produtos com sucesso",
                  "fullTitle": "Casos de teste sobre a área administrativa da API Serverest CT01 - Validar rota de login com sucesso CT45 - Validar rota de cadastro de produtos com sucesso",
                  "timedOut": null,
                  "duration": 1128,
                  "state": "passed",
                  "speed": "fast",
                  "pass": true,
                  "fail": false,
                  "pending": false,
                  "context": null,
                  "code": "_serverest.default.cadastrarProdutoComSucesso().then(res => {\n  cy.contractValidation(res, '9.post-produtos', 201);\n  _validaServerest.default.validarCadastroDeProdutoComSucesso(res);\n});",
                  "err": {},
                  "uuid": "641f9a70-4d92-45f1-9748-9ceb62af5358",
                  "parentUUID": "2b36a5db-d5b2-46b4-aba9-d91e2840071f",
                  "isHook": false,
                  "skipped": false
                },
                {
                  "title": "CT53 - Validar rota de alteração de produto com sucesso",
                  "fullTitle": "Casos de teste sobre a área administrativa da API Serverest CT01 - Validar rota de login com sucesso CT53 - Validar rota de alteração de produto com sucesso",
                  "timedOut": null,
                  "duration": 1590,
                  "state": "passed",
                  "speed": "fast",
                  "pass": true,
                  "fail": false,
                  "pending": false,
                  "context": null,
                  "code": "_serverest.default.alterarProdutoCadastrado().then(res => {\n  cy.contractValidation(res, '11.put-produtos-by-id', 200);\n  _validaServerest.default.validarAlteracaoDeProdutoComSucesso(res);\n});",
                  "err": {},
                  "uuid": "c948b06a-86f3-4822-aa5a-8b55d81d6e5a",
                  "parentUUID": "2b36a5db-d5b2-46b4-aba9-d91e2840071f",
                  "isHook": false,
                  "skipped": false
                },
                {
                  "title": "CT62 - Validar rota de exclusão de produtos com sucesso",
                  "fullTitle": "Casos de teste sobre a área administrativa da API Serverest CT01 - Validar rota de login com sucesso CT62 - Validar rota de exclusão de produtos com sucesso",
                  "timedOut": null,
                  "duration": 945,
                  "state": "passed",
                  "speed": "fast",
                  "pass": true,
                  "fail": false,
                  "pending": false,
                  "context": null,
                  "code": "_serverest.default.deletarProdutoCadastrado().then(res => {\n  cy.contractValidation(res, '10.delete-produtos-by-id', 200);\n  _validaServerest.default.validarExclusaoDeProdutoComSucesso(res);\n});",
                  "err": {},
                  "uuid": "0c641d1a-b60c-4726-902a-80daccec72a8",
                  "parentUUID": "2b36a5db-d5b2-46b4-aba9-d91e2840071f",
                  "isHook": false,
                  "skipped": false
                },
                {
                  "title": "CT68 - Validar rota de lista de carrinhos",
                  "fullTitle": "Casos de teste sobre a área administrativa da API Serverest CT01 - Validar rota de login com sucesso CT68 - Validar rota de lista de carrinhos",
                  "timedOut": null,
                  "duration": 993,
                  "state": "passed",
                  "speed": "fast",
                  "pass": true,
                  "fail": false,
                  "pending": false,
                  "context": null,
                  "code": "_serverest.default.buscarCarrinho().then(res => {\n  cy.contractValidation(res, '12.get-carrinhos', 200);\n  _validaServerest.default.validarBuscaDeCarrinho(res);\n});",
                  "err": {},
                  "uuid": "d691155b-4e68-4219-8d8e-3e0106de1889",
                  "parentUUID": "2b36a5db-d5b2-46b4-aba9-d91e2840071f",
                  "isHook": false,
                  "skipped": false
                }
              ],
              "suites": [],
              "passes": [
                "f002ec51-0a2b-4cb7-a96d-96b5d7804cf7",
                "0e26ed35-e080-40cb-a7c8-3c81383d3b0a",
                "86db85d3-df58-4642-8f53-aa2be44ef85b",
                "7263277d-a77a-462f-b8be-b50f7249d3a0",
                "384bf1ed-cb3c-4d7f-a25f-030aa265a63f",
                "641f9a70-4d92-45f1-9748-9ceb62af5358",
                "c948b06a-86f3-4822-aa5a-8b55d81d6e5a",
                "0c641d1a-b60c-4726-902a-80daccec72a8",
                "d691155b-4e68-4219-8d8e-3e0106de1889"
              ],
              "failures": [],
              "pending": [],
              "skipped": [],
              "duration": 10221,
              "root": false,
              "rootEmpty": false,
              "_timeout": 2000
            }
          ],
          "passes": [],
          "failures": [],
          "pending": [],
          "skipped": [],
          "duration": 0,
          "root": false,
          "rootEmpty": false,
          "_timeout": 2000
        }
      ],
      "passes": [],
      "failures": [],
      "pending": [],
      "skipped": [],
      "duration": 0,
      "root": true,
      "rootEmpty": true,
      "_timeout": 2000
    }
  ],
  "meta": {
    "mocha": {
      "version": "7.0.1"
    },
    "mochawesome": {
      "options": {
        "quiet": false,
        "reportFilename": "mochawesome",
        "saveHtml": false,
        "saveJson": true,
        "consoleReporter": "spec",
        "useInlineDiffs": false,
        "code": true
      },
      "version": "7.1.3"
    },
    "marge": {
      "options": {
        "id": "default",
        "reportDir": "cypress/reports/mocha",
        "quite": true,
        "overwrite": false,
        "html": false,
        "json": true
      },
      "version": "6.2.0"
    }
  }
}