{
  "stats": {
    "suites": 1,
    "tests": 3,
    "passes": 1,
    "pending": 0,
    "failures": 2,
    "start": "2022-09-28T01:48:04.747Z",
    "end": "2022-09-28T01:48:08.451Z",
    "duration": 3704,
    "testsRegistered": 3,
    "passPercent": 33.33333333333333,
    "pendingPercent": 0,
    "other": 0,
    "hasOther": false,
    "skipped": 0,
    "hasSkipped": false
  },
  "results": [
    {
      "uuid": "a404a9e7-2065-439c-9109-87ef51556669",
      "title": "",
      "fullFile": "cypress/integration/1.login.spec.js",
      "file": "cypress/integration/1.login.spec.js",
      "beforeHooks": [],
      "afterHooks": [],
      "tests": [],
      "suites": [
        {
          "uuid": "b93ecc8a-21bf-49c4-af0e-d0fc05cdbfae",
          "title": "Casos de teste sobre a rota /login da API Serverest",
          "fullFile": "",
          "file": "",
          "beforeHooks": [],
          "afterHooks": [],
          "tests": [
            {
              "title": "CT01 - Validar rota de login com sucesso",
              "fullTitle": "Casos de teste sobre a rota /login da API Serverest CT01 - Validar rota de login com sucesso",
              "timedOut": null,
              "duration": 1447,
              "state": "passed",
              "speed": "fast",
              "pass": true,
              "fail": false,
              "pending": false,
              "context": null,
              "code": "_serverest.default.buscarUsuarioParaLogin();\ncy.get('@usuarioLogin').then(usuario => {\n  _serverest.default.logar(usuario).then(res => {\n    cy.contractValidation(res, '1.login', 200);\n    _validaServerest.default.validarLoginComSucesso(res);\n    _serverest.default.salvarBearer(res);\n  });\n});",
              "err": {},
              "uuid": "27ca2944-bd10-491f-95f1-bf7225fca434",
              "parentUUID": "b93ecc8a-21bf-49c4-af0e-d0fc05cdbfae",
              "isHook": false,
              "skipped": false
            },
            {
              "title": "CT02 - Validar rota de login email não cadastrado",
              "fullTitle": "Casos de teste sobre a rota /login da API Serverest CT02 - Validar rota de login email não cadastrado",
              "timedOut": null,
              "duration": 706,
              "state": "failed",
              "speed": null,
              "pass": false,
              "fail": true,
              "pending": false,
              "context": null,
              "code": "_serverest.default.logarUsuarioFalso().then(res => {\n  cy.contractValidation(res, '1.login', 400);\n  _validaServerest.default.validarLoginSemSucesso(res);\n});",
              "err": {
                "message": "AssertionError: expected 401 to equal 400",
                "estack": "AssertionError: expected 401 to equal 400\n    at Function.validarLoginSemSucesso (https://serverest.dev/__cypress/tests?p=cypress\\integration\\1.login.spec.js:527:32)\n    at Context.eval (https://serverest.dev/__cypress/tests?p=cypress\\integration\\1.login.spec.js:198:32)",
                "diff": "- 401\n+ 400\n"
              },
              "uuid": "4844dda1-a439-410d-a8c9-d1f0913cb7df",
              "parentUUID": "b93ecc8a-21bf-49c4-af0e-d0fc05cdbfae",
              "isHook": false,
              "skipped": false
            },
            {
              "title": "CT03 - Validar rota de login com senha incorreta",
              "fullTitle": "Casos de teste sobre a rota /login da API Serverest CT03 - Validar rota de login com senha incorreta",
              "timedOut": null,
              "duration": 1387,
              "state": "failed",
              "speed": null,
              "pass": false,
              "fail": true,
              "pending": false,
              "context": null,
              "code": "_serverest.default.buscarUsuarioParaLoginComSenhaInvalida();\ncy.get('@usuarioLogin').then(usuario => {\n  _serverest.default.logar(usuario).then(res => {\n    cy.contractValidation(res, '1.login', 400);\n    _validaServerest.default.validarLoginSemSucesso(res);\n  });\n});",
              "err": {
                "message": "AssertionError: expected 401 to equal 400",
                "estack": "AssertionError: expected 401 to equal 400\n    at Function.validarLoginSemSucesso (https://serverest.dev/__cypress/tests?p=cypress\\integration\\1.login.spec.js:527:32)\n    at Context.eval (https://serverest.dev/__cypress/tests?p=cypress\\integration\\1.login.spec.js:208:34)",
                "diff": "- 401\n+ 400\n"
              },
              "uuid": "f8704583-7405-495a-92e4-5be8bda3ff38",
              "parentUUID": "b93ecc8a-21bf-49c4-af0e-d0fc05cdbfae",
              "isHook": false,
              "skipped": false
            }
          ],
          "suites": [],
          "passes": [
            "27ca2944-bd10-491f-95f1-bf7225fca434"
          ],
          "failures": [
            "4844dda1-a439-410d-a8c9-d1f0913cb7df",
            "f8704583-7405-495a-92e4-5be8bda3ff38"
          ],
          "pending": [],
          "skipped": [],
          "duration": 3540,
          "root": false,
          "rootEmpty": false,
          "_timeout": 2000
        }
      ],
      "passes": [],
      "failures": [],
      "pending": [],
      "skipped": [],
      "duration": 0,
      "root": true,
      "rootEmpty": true,
      "_timeout": 2000
    }
  ],
  "meta": {
    "mocha": {
      "version": "7.0.1"
    },
    "mochawesome": {
      "options": {
        "quiet": false,
        "reportFilename": "mochawesome",
        "saveHtml": false,
        "saveJson": true,
        "consoleReporter": "spec",
        "useInlineDiffs": false,
        "code": true
      },
      "version": "7.1.3"
    },
    "marge": {
      "options": {
        "id": "default",
        "reportDir": "cypress/reports/mocha",
        "quite": true,
        "overwrite": false,
        "html": false,
        "json": true
      },
      "version": "6.2.0"
    }
  }
}