{
  "stats": {
    "suites": 2,
    "tests": 4,
    "passes": 4,
    "pending": 0,
    "failures": 0,
    "start": "2022-09-16T22:25:05.973Z",
    "end": "2022-09-16T22:25:09.964Z",
    "duration": 3991,
    "testsRegistered": 4,
    "passPercent": 100,
    "pendingPercent": 0,
    "other": 0,
    "hasOther": false,
    "skipped": 0,
    "hasSkipped": false
  },
  "results": [
    {
      "uuid": "47591c89-c467-4f12-87c4-c073cf89e054",
      "title": "",
      "fullFile": "cypress/integration/3.produtos.spec.js",
      "file": "cypress/integration/3.produtos.spec.js",
      "beforeHooks": [],
      "afterHooks": [],
      "tests": [],
      "suites": [
        {
          "uuid": "5c551733-11b8-459c-a256-1256271ed011",
          "title": "Casos de teste sobre a rota /produtos da API Serverest",
          "fullFile": "",
          "file": "",
          "beforeHooks": [],
          "afterHooks": [],
          "tests": [
            {
              "title": "Deve buscar todos os produtos cadastrados",
              "fullTitle": "Casos de teste sobre a rota /produtos da API Serverest Deve buscar todos os produtos cadastrados",
              "timedOut": null,
              "duration": 936,
              "state": "passed",
              "speed": "fast",
              "pass": true,
              "fail": false,
              "pending": false,
              "context": null,
              "code": "_serverest.default.buscarProdutos().then(res => {\n  cy.contractValidation(res, '7.get-produtos', 200);\n  _validaServerest.default.validarBuscaDeProdutos(res);\n});",
              "err": {},
              "uuid": "021a895c-c517-4fe3-a9c7-e03333249ea0",
              "parentUUID": "5c551733-11b8-459c-a256-1256271ed011",
              "isHook": false,
              "skipped": false
            }
          ],
          "suites": [
            {
              "uuid": "13556067-147f-4c47-aef8-29efd3873666",
              "title": "Logar com sucesso",
              "fullFile": "",
              "file": "",
              "beforeHooks": [],
              "afterHooks": [],
              "tests": [
                {
                  "title": "Deve postar um novo produto com sucesso",
                  "fullTitle": "Casos de teste sobre a rota /produtos da API Serverest Logar com sucesso Deve postar um novo produto com sucesso",
                  "timedOut": null,
                  "duration": 935,
                  "state": "passed",
                  "speed": "fast",
                  "pass": true,
                  "fail": false,
                  "pending": false,
                  "context": null,
                  "code": "_serverest.default.cadastrarProdutoComSucesso().then(res => {\n  _validaServerest.default.validarCadastroDeProdutoComSucesso(res);\n});",
                  "err": {},
                  "uuid": "94fa96ce-116d-40fa-8ea5-9ceb6a6c17f9",
                  "parentUUID": "13556067-147f-4c47-aef8-29efd3873666",
                  "isHook": false,
                  "skipped": false
                },
                {
                  "title": "Deve alterar um produto com sucesso",
                  "fullTitle": "Casos de teste sobre a rota /produtos da API Serverest Logar com sucesso Deve alterar um produto com sucesso",
                  "timedOut": null,
                  "duration": 869,
                  "state": "passed",
                  "speed": "fast",
                  "pass": true,
                  "fail": false,
                  "pending": false,
                  "context": null,
                  "code": "_serverest.default.alterarProdutoCadastrado().then(res => {\n  cy.contractValidation(res, '11.put-produtos-by-id', 200);\n  _validaServerest.default.validarAlteracaoDeProdutoComSucesso(res);\n});",
                  "err": {},
                  "uuid": "3b85be2a-7b87-45c4-85e3-2cf972104bfd",
                  "parentUUID": "13556067-147f-4c47-aef8-29efd3873666",
                  "isHook": false,
                  "skipped": false
                },
                {
                  "title": "Deve deletar um produto com sucesso",
                  "fullTitle": "Casos de teste sobre a rota /produtos da API Serverest Logar com sucesso Deve deletar um produto com sucesso",
                  "timedOut": null,
                  "duration": 1199,
                  "state": "passed",
                  "speed": "fast",
                  "pass": true,
                  "fail": false,
                  "pending": false,
                  "context": null,
                  "code": "_serverest.default.deletarProdutoCadastrado().then(res => {\n  cy.contractValidation(res, '10.delete-produtos-by-id', 200);\n  _validaServerest.default.validarExclusaoDeProdutoComSucesso(res);\n});",
                  "err": {},
                  "uuid": "da3d0e9e-a15b-4a55-9c1b-948578615c05",
                  "parentUUID": "13556067-147f-4c47-aef8-29efd3873666",
                  "isHook": false,
                  "skipped": false
                }
              ],
              "suites": [],
              "passes": [
                "94fa96ce-116d-40fa-8ea5-9ceb6a6c17f9",
                "3b85be2a-7b87-45c4-85e3-2cf972104bfd",
                "da3d0e9e-a15b-4a55-9c1b-948578615c05"
              ],
              "failures": [],
              "pending": [],
              "skipped": [],
              "duration": 3003,
              "root": false,
              "rootEmpty": false,
              "_timeout": 2000
            }
          ],
          "passes": [
            "021a895c-c517-4fe3-a9c7-e03333249ea0"
          ],
          "failures": [],
          "pending": [],
          "skipped": [],
          "duration": 936,
          "root": false,
          "rootEmpty": false,
          "_timeout": 2000
        }
      ],
      "passes": [],
      "failures": [],
      "pending": [],
      "skipped": [],
      "duration": 0,
      "root": true,
      "rootEmpty": true,
      "_timeout": 2000
    }
  ],
  "meta": {
    "mocha": {
      "version": "7.0.1"
    },
    "mochawesome": {
      "options": {
        "quiet": false,
        "reportFilename": "mochawesome",
        "saveHtml": false,
        "saveJson": true,
        "consoleReporter": "spec",
        "useInlineDiffs": false,
        "code": true
      },
      "version": "7.1.3"
    },
    "marge": {
      "options": {
        "id": "default",
        "reportDir": "cypress/reports/mocha",
        "quite": true,
        "overwrite": false,
        "html": false,
        "json": true
      },
      "version": "6.2.0"
    }
  }
}