{
  "stats": {
    "suites": 1,
    "tests": 5,
    "passes": 5,
    "pending": 0,
    "failures": 0,
    "start": "2022-09-27T21:37:17.668Z",
    "end": "2022-09-27T21:37:19.693Z",
    "duration": 2025,
    "testsRegistered": 5,
    "passPercent": 100,
    "pendingPercent": 0,
    "other": 0,
    "hasOther": false,
    "skipped": 0,
    "hasSkipped": false
  },
  "results": [
    {
      "uuid": "5ee6d926-043a-4fc5-aa0b-d5d90143ebf3",
      "title": "",
      "fullFile": "cypress/integration/2.cadastroUsuarios.spec.js",
      "file": "cypress/integration/2.cadastroUsuarios.spec.js",
      "beforeHooks": [],
      "afterHooks": [],
      "tests": [],
      "suites": [
        {
          "uuid": "9514a772-56be-4eb6-b455-ca1d8374f139",
          "title": "Casos de teste sobre a rota /usuarios da API Serverest",
          "fullFile": "",
          "file": "",
          "beforeHooks": [],
          "afterHooks": [],
          "tests": [
            {
              "title": "CT18 - Validar rota de lista de usuários",
              "fullTitle": "Casos de teste sobre a rota /usuarios da API Serverest CT18 - Validar rota de lista de usuários",
              "timedOut": null,
              "duration": 704,
              "state": "passed",
              "speed": "fast",
              "pass": true,
              "fail": false,
              "pending": false,
              "context": null,
              "code": "_serverest.default.buscarUsuarios().then(res => {\n  cy.contractValidation(res, '2.get-usuarios', 200);\n  _validaServerest.default.validarBuscaDeUsuarios(res);\n});",
              "err": {},
              "uuid": "29dd5d39-486a-40c1-8668-1f98e80fa243",
              "parentUUID": "9514a772-56be-4eb6-b455-ca1d8374f139",
              "isHook": false,
              "skipped": false
            },
            {
              "title": "CT23 - Validar rota de criação de usuário com sucesso",
              "fullTitle": "Casos de teste sobre a rota /usuarios da API Serverest CT23 - Validar rota de criação de usuário com sucesso",
              "timedOut": null,
              "duration": 336,
              "state": "passed",
              "speed": "fast",
              "pass": true,
              "fail": false,
              "pending": false,
              "context": null,
              "code": "_serverest.default.postarUsuarioValido().then(res => {\n  cy.contractValidation(res, '4.post-usuarios', 201);\n  _validaServerest.default.validarCadastroDeUsuarioComSucesso(res);\n});",
              "err": {},
              "uuid": "ccc7ba47-80b7-4947-9425-1159ccda25dd",
              "parentUUID": "9514a772-56be-4eb6-b455-ca1d8374f139",
              "isHook": false,
              "skipped": false
            },
            {
              "title": "CT29 - Validar rota de não criação de usuário com email já cadastrado",
              "fullTitle": "Casos de teste sobre a rota /usuarios da API Serverest CT29 - Validar rota de não criação de usuário com email já cadastrado",
              "timedOut": null,
              "duration": 361,
              "state": "passed",
              "speed": "fast",
              "pass": true,
              "fail": false,
              "pending": false,
              "context": null,
              "code": "cy.postarUsuarioSemSucesso().then(res => {\n  cy.contractValidation(res, '4.post-usuarios', 400);\n  _validaServerest.default.validarCadastroDeUsuarioSemSucesso(res);\n});",
              "err": {},
              "uuid": "6e78ca82-acc2-4b02-9ce4-4ca4e68577da",
              "parentUUID": "9514a772-56be-4eb6-b455-ca1d8374f139",
              "isHook": false,
              "skipped": false
            },
            {
              "title": "CT30 - Validar rota de alteração de usuário com sucesso",
              "fullTitle": "Casos de teste sobre a rota /usuarios da API Serverest CT30 - Validar rota de alteração de usuário com sucesso",
              "timedOut": null,
              "duration": 288,
              "state": "passed",
              "speed": "fast",
              "pass": true,
              "fail": false,
              "pending": false,
              "context": null,
              "code": "_serverest.default.alterarUsuarioCadastrado().then(res => {\n  cy.contractValidation(res, '6.put-usuarios-by-id', 200);\n  _validaServerest.default.validarAlteracaoDeUsuarioComSucesso(res);\n});",
              "err": {},
              "uuid": "b82d83bb-a09f-4666-8581-ceeee004736d",
              "parentUUID": "9514a772-56be-4eb6-b455-ca1d8374f139",
              "isHook": false,
              "skipped": false
            },
            {
              "title": "CT38 - Validar rota de exclusão de usuário com sucesso",
              "fullTitle": "Casos de teste sobre a rota /usuarios da API Serverest CT38 - Validar rota de exclusão de usuário com sucesso",
              "timedOut": null,
              "duration": 292,
              "state": "passed",
              "speed": "fast",
              "pass": true,
              "fail": false,
              "pending": false,
              "context": null,
              "code": "_serverest.default.deletarUsuarioCadastrado().then(res => {\n  cy.contractValidation(res, '5.delete-usuarios-by-id', 200);\n  _validaServerest.default.validarExclusaoDeUsuarioComSucesso(res);\n});",
              "err": {},
              "uuid": "10d7a480-62d4-41f0-b0e3-e1b5201d519f",
              "parentUUID": "9514a772-56be-4eb6-b455-ca1d8374f139",
              "isHook": false,
              "skipped": false
            }
          ],
          "suites": [],
          "passes": [
            "29dd5d39-486a-40c1-8668-1f98e80fa243",
            "ccc7ba47-80b7-4947-9425-1159ccda25dd",
            "6e78ca82-acc2-4b02-9ce4-4ca4e68577da",
            "b82d83bb-a09f-4666-8581-ceeee004736d",
            "10d7a480-62d4-41f0-b0e3-e1b5201d519f"
          ],
          "failures": [],
          "pending": [],
          "skipped": [],
          "duration": 1981,
          "root": false,
          "rootEmpty": false,
          "_timeout": 2000
        }
      ],
      "passes": [],
      "failures": [],
      "pending": [],
      "skipped": [],
      "duration": 0,
      "root": true,
      "rootEmpty": true,
      "_timeout": 2000
    }
  ],
  "meta": {
    "mocha": {
      "version": "7.0.1"
    },
    "mochawesome": {
      "options": {
        "quiet": false,
        "reportFilename": "mochawesome",
        "saveHtml": false,
        "saveJson": true,
        "consoleReporter": "spec",
        "useInlineDiffs": false,
        "code": true
      },
      "version": "7.1.3"
    },
    "marge": {
      "options": {
        "id": "default",
        "reportDir": "cypress/reports/mocha",
        "quite": true,
        "overwrite": false,
        "html": false,
        "json": true
      },
      "version": "6.2.0"
    }
  }
}