{
  "stats": {
    "suites": 6,
    "tests": 29,
    "passes": 27,
    "pending": 0,
    "failures": 2,
    "start": "2022-09-27T21:37:05.172Z",
    "end": "2022-09-27T21:38:19.022Z",
    "duration": 31576,
    "testsRegistered": 29,
    "passPercent": 93.10344827586206,
    "pendingPercent": 0,
    "other": 0,
    "hasOther": false,
    "skipped": 0,
    "hasSkipped": false
  },
  "results": [
    {
      "uuid": "5ee6d926-043a-4fc5-aa0b-d5d90143ebf3",
      "title": "",
      "fullFile": "cypress/integration/2.cadastroUsuarios.spec.js",
      "file": "cypress/integration/2.cadastroUsuarios.spec.js",
      "beforeHooks": [],
      "afterHooks": [],
      "tests": [],
      "suites": [
        {
          "uuid": "9514a772-56be-4eb6-b455-ca1d8374f139",
          "title": "Casos de teste sobre a rota /usuarios da API Serverest",
          "fullFile": "",
          "file": "",
          "beforeHooks": [],
          "afterHooks": [],
          "tests": [
            {
              "title": "CT18 - Validar rota de lista de usuários",
              "fullTitle": "Casos de teste sobre a rota /usuarios da API Serverest CT18 - Validar rota de lista de usuários",
              "timedOut": null,
              "duration": 704,
              "state": "passed",
              "speed": "fast",
              "pass": true,
              "fail": false,
              "pending": false,
              "context": null,
              "code": "_serverest.default.buscarUsuarios().then(res => {\n  cy.contractValidation(res, '2.get-usuarios', 200);\n  _validaServerest.default.validarBuscaDeUsuarios(res);\n});",
              "err": {},
              "uuid": "29dd5d39-486a-40c1-8668-1f98e80fa243",
              "parentUUID": "9514a772-56be-4eb6-b455-ca1d8374f139",
              "isHook": false,
              "skipped": false
            },
            {
              "title": "CT23 - Validar rota de criação de usuário com sucesso",
              "fullTitle": "Casos de teste sobre a rota /usuarios da API Serverest CT23 - Validar rota de criação de usuário com sucesso",
              "timedOut": null,
              "duration": 336,
              "state": "passed",
              "speed": "fast",
              "pass": true,
              "fail": false,
              "pending": false,
              "context": null,
              "code": "_serverest.default.postarUsuarioValido().then(res => {\n  cy.contractValidation(res, '4.post-usuarios', 201);\n  _validaServerest.default.validarCadastroDeUsuarioComSucesso(res);\n});",
              "err": {},
              "uuid": "ccc7ba47-80b7-4947-9425-1159ccda25dd",
              "parentUUID": "9514a772-56be-4eb6-b455-ca1d8374f139",
              "isHook": false,
              "skipped": false
            },
            {
              "title": "CT29 - Validar rota de não criação de usuário com email já cadastrado",
              "fullTitle": "Casos de teste sobre a rota /usuarios da API Serverest CT29 - Validar rota de não criação de usuário com email já cadastrado",
              "timedOut": null,
              "duration": 361,
              "state": "passed",
              "speed": "fast",
              "pass": true,
              "fail": false,
              "pending": false,
              "context": null,
              "code": "cy.postarUsuarioSemSucesso().then(res => {\n  cy.contractValidation(res, '4.post-usuarios', 400);\n  _validaServerest.default.validarCadastroDeUsuarioSemSucesso(res);\n});",
              "err": {},
              "uuid": "6e78ca82-acc2-4b02-9ce4-4ca4e68577da",
              "parentUUID": "9514a772-56be-4eb6-b455-ca1d8374f139",
              "isHook": false,
              "skipped": false
            },
            {
              "title": "CT30 - Validar rota de alteração de usuário com sucesso",
              "fullTitle": "Casos de teste sobre a rota /usuarios da API Serverest CT30 - Validar rota de alteração de usuário com sucesso",
              "timedOut": null,
              "duration": 288,
              "state": "passed",
              "speed": "fast",
              "pass": true,
              "fail": false,
              "pending": false,
              "context": null,
              "code": "_serverest.default.alterarUsuarioCadastrado().then(res => {\n  cy.contractValidation(res, '6.put-usuarios-by-id', 200);\n  _validaServerest.default.validarAlteracaoDeUsuarioComSucesso(res);\n});",
              "err": {},
              "uuid": "b82d83bb-a09f-4666-8581-ceeee004736d",
              "parentUUID": "9514a772-56be-4eb6-b455-ca1d8374f139",
              "isHook": false,
              "skipped": false
            },
            {
              "title": "CT38 - Validar rota de exclusão de usuário com sucesso",
              "fullTitle": "Casos de teste sobre a rota /usuarios da API Serverest CT38 - Validar rota de exclusão de usuário com sucesso",
              "timedOut": null,
              "duration": 292,
              "state": "passed",
              "speed": "fast",
              "pass": true,
              "fail": false,
              "pending": false,
              "context": null,
              "code": "_serverest.default.deletarUsuarioCadastrado().then(res => {\n  cy.contractValidation(res, '5.delete-usuarios-by-id', 200);\n  _validaServerest.default.validarExclusaoDeUsuarioComSucesso(res);\n});",
              "err": {},
              "uuid": "10d7a480-62d4-41f0-b0e3-e1b5201d519f",
              "parentUUID": "9514a772-56be-4eb6-b455-ca1d8374f139",
              "isHook": false,
              "skipped": false
            }
          ],
          "suites": [],
          "passes": [
            "29dd5d39-486a-40c1-8668-1f98e80fa243",
            "ccc7ba47-80b7-4947-9425-1159ccda25dd",
            "6e78ca82-acc2-4b02-9ce4-4ca4e68577da",
            "b82d83bb-a09f-4666-8581-ceeee004736d",
            "10d7a480-62d4-41f0-b0e3-e1b5201d519f"
          ],
          "failures": [],
          "pending": [],
          "skipped": [],
          "duration": 1981,
          "root": false,
          "rootEmpty": false,
          "_timeout": 2000
        }
      ],
      "passes": [],
      "failures": [],
      "pending": [],
      "skipped": [],
      "duration": 0,
      "root": true,
      "rootEmpty": true,
      "_timeout": 2000
    },
    {
      "uuid": "4025e284-e3d6-4098-91e6-15c58b8ae5ec",
      "title": "",
      "fullFile": "cypress/integration/3.cadastroProdutos.spec.js",
      "file": "cypress/integration/3.cadastroProdutos.spec.js",
      "beforeHooks": [],
      "afterHooks": [],
      "tests": [],
      "suites": [
        {
          "uuid": "6dd795ea-06e8-46dc-a120-ed730f7deba7",
          "title": "Casos de teste sobre a rota /produtos da API Serverest",
          "fullFile": "",
          "file": "",
          "beforeHooks": [],
          "afterHooks": [],
          "tests": [
            {
              "title": "CT42 - Validar rota de lista de produtos com sucesso",
              "fullTitle": "Casos de teste sobre a rota /produtos da API Serverest CT42 - Validar rota de lista de produtos com sucesso",
              "timedOut": null,
              "duration": 528,
              "state": "passed",
              "speed": "fast",
              "pass": true,
              "fail": false,
              "pending": false,
              "context": null,
              "code": "_serverest.default.buscarProdutos().then(res => {\n  cy.contractValidation(res, '7.get-produtos', 200);\n  _validaServerest.default.validarBuscaDeProdutos(res);\n});",
              "err": {},
              "uuid": "49bd5b19-12e5-45bb-8bed-3b805b487f4e",
              "parentUUID": "6dd795ea-06e8-46dc-a120-ed730f7deba7",
              "isHook": false,
              "skipped": false
            }
          ],
          "suites": [
            {
              "uuid": "53845408-23b2-4124-b14e-054457e38061",
              "title": "CT01 - Validar rota de login com sucesso",
              "fullFile": "",
              "file": "",
              "beforeHooks": [],
              "afterHooks": [],
              "tests": [
                {
                  "title": "CT45 - Validar rota de produtos com sucesso",
                  "fullTitle": "Casos de teste sobre a rota /produtos da API Serverest CT01 - Validar rota de login com sucesso CT45 - Validar rota de produtos com sucesso",
                  "timedOut": null,
                  "duration": 991,
                  "state": "passed",
                  "speed": "fast",
                  "pass": true,
                  "fail": false,
                  "pending": false,
                  "context": null,
                  "code": "_serverest.default.cadastrarProdutoComSucesso().then(res => {\n  cy.contractValidation(res, '9.post-produtos', 201);\n  _validaServerest.default.validarCadastroDeProdutoComSucesso(res);\n});",
                  "err": {},
                  "uuid": "d7c41743-3788-4fc5-a72c-fe7bf4d1ccc1",
                  "parentUUID": "53845408-23b2-4124-b14e-054457e38061",
                  "isHook": false,
                  "skipped": false
                },
                {
                  "title": "CT53 - Validar rota de exclusão de produtos com sucesso",
                  "fullTitle": "Casos de teste sobre a rota /produtos da API Serverest CT01 - Validar rota de login com sucesso CT53 - Validar rota de exclusão de produtos com sucesso",
                  "timedOut": null,
                  "duration": 1013,
                  "state": "passed",
                  "speed": "fast",
                  "pass": true,
                  "fail": false,
                  "pending": false,
                  "context": null,
                  "code": "_serverest.default.alterarProdutoCadastrado().then(res => {\n  cy.contractValidation(res, '11.put-produtos-by-id', 200);\n  _validaServerest.default.validarAlteracaoDeProdutoComSucesso(res);\n});",
                  "err": {},
                  "uuid": "e29bb466-93b9-4c13-b2ed-9a0bae5b788b",
                  "parentUUID": "53845408-23b2-4124-b14e-054457e38061",
                  "isHook": false,
                  "skipped": false
                },
                {
                  "title": "CT62 - Validar rota de exclusão de produtos com sucesso",
                  "fullTitle": "Casos de teste sobre a rota /produtos da API Serverest CT01 - Validar rota de login com sucesso CT62 - Validar rota de exclusão de produtos com sucesso",
                  "timedOut": null,
                  "duration": 856,
                  "state": "passed",
                  "speed": "fast",
                  "pass": true,
                  "fail": false,
                  "pending": false,
                  "context": null,
                  "code": "_serverest.default.deletarProdutoCadastrado().then(res => {\n  cy.contractValidation(res, '10.delete-produtos-by-id', 200);\n  _validaServerest.default.validarExclusaoDeProdutoComSucesso(res);\n});",
                  "err": {},
                  "uuid": "95559c1d-4a9d-4a77-bd3c-678b403a517a",
                  "parentUUID": "53845408-23b2-4124-b14e-054457e38061",
                  "isHook": false,
                  "skipped": false
                }
              ],
              "suites": [],
              "passes": [
                "d7c41743-3788-4fc5-a72c-fe7bf4d1ccc1",
                "e29bb466-93b9-4c13-b2ed-9a0bae5b788b",
                "95559c1d-4a9d-4a77-bd3c-678b403a517a"
              ],
              "failures": [],
              "pending": [],
              "skipped": [],
              "duration": 2860,
              "root": false,
              "rootEmpty": false,
              "_timeout": 2000
            }
          ],
          "passes": [
            "49bd5b19-12e5-45bb-8bed-3b805b487f4e"
          ],
          "failures": [],
          "pending": [],
          "skipped": [],
          "duration": 528,
          "root": false,
          "rootEmpty": false,
          "_timeout": 2000
        }
      ],
      "passes": [],
      "failures": [],
      "pending": [],
      "skipped": [],
      "duration": 0,
      "root": true,
      "rootEmpty": true,
      "_timeout": 2000
    },
    {
      "uuid": "1b3b70ad-eb9e-43c6-894f-4b1c472496db",
      "title": "",
      "fullFile": "cypress/integration/4.cadastroCarrinhos.spec.js",
      "file": "cypress/integration/4.cadastroCarrinhos.spec.js",
      "beforeHooks": [],
      "afterHooks": [],
      "tests": [],
      "suites": [
        {
          "uuid": "ad86992e-3ac8-4faf-9c70-48df00d2d081",
          "title": "Casos de teste sobre a rota /carrinhos da API Serverest",
          "fullFile": "",
          "file": "",
          "beforeHooks": [],
          "afterHooks": [],
          "tests": [],
          "suites": [
            {
              "uuid": "8af3a03f-b531-4d6c-8037-9e2180fe91ae",
              "title": "CT01 - Validar rota de login com sucesso",
              "fullFile": "",
              "file": "",
              "beforeHooks": [],
              "afterHooks": [],
              "tests": [
                {
                  "title": "CT73 - Validar rota de criação de carrinho com sucesso",
                  "fullTitle": "Casos de teste sobre a rota /carrinhos da API Serverest CT01 - Validar rota de login com sucesso CT73 - Validar rota de criação de carrinho com sucesso",
                  "timedOut": null,
                  "duration": 1443,
                  "state": "passed",
                  "speed": "fast",
                  "pass": true,
                  "fail": false,
                  "pending": false,
                  "context": null,
                  "code": "_serverest.default.buscarProdutoParaCarrinho();\ncy.get('@produtoCarrinho').then(produto => {\n  _serverest.default.adicionarProdutoAoCarrinho(produto).then(res => {\n    cy.contractValidation(res, '14.post-carrinhos', 201);\n    _validaServerest.default.validarCadastroDeCarrinhoComSucesso(res);\n  });\n});",
                  "err": {},
                  "uuid": "6379f285-9fbd-4a97-9ecd-eccf05e7c12d",
                  "parentUUID": "8af3a03f-b531-4d6c-8037-9e2180fe91ae",
                  "isHook": false,
                  "skipped": false
                },
                {
                  "title": "CT68 - Validar rota de lista de carrinhos",
                  "fullTitle": "Casos de teste sobre a rota /carrinhos da API Serverest CT01 - Validar rota de login com sucesso CT68 - Validar rota de lista de carrinhos",
                  "timedOut": null,
                  "duration": 1143,
                  "state": "passed",
                  "speed": "fast",
                  "pass": true,
                  "fail": false,
                  "pending": false,
                  "context": null,
                  "code": "_serverest.default.buscarCarrinho().then(res => {\n  cy.contractValidation(res, '12.get-carrinhos', 200);\n  _validaServerest.default.validarBuscaDeCarrinho(res);\n});",
                  "err": {},
                  "uuid": "9d4119c6-d770-4d69-972b-e0041cc31e08",
                  "parentUUID": "8af3a03f-b531-4d6c-8037-9e2180fe91ae",
                  "isHook": false,
                  "skipped": false
                },
                {
                  "title": "CT84 - Validar rota de exclusão de carrinho ao concluir compra",
                  "fullTitle": "Casos de teste sobre a rota /carrinhos da API Serverest CT01 - Validar rota de login com sucesso CT84 - Validar rota de exclusão de carrinho ao concluir compra",
                  "timedOut": null,
                  "duration": 1252,
                  "state": "passed",
                  "speed": "fast",
                  "pass": true,
                  "fail": false,
                  "pending": false,
                  "context": null,
                  "code": "_serverest.default.concluirCompra().then(res => {\n  cy.contractValidation(res, '15.delete-carrinhos-concluir-compra', 200);\n  _validaServerest.default.validarExclusaoDeCarrinhoComSucesso(res);\n});",
                  "err": {},
                  "uuid": "652ae9a2-5b95-433a-ac48-a140d7acbb9e",
                  "parentUUID": "8af3a03f-b531-4d6c-8037-9e2180fe91ae",
                  "isHook": false,
                  "skipped": false
                }
              ],
              "suites": [],
              "passes": [
                "6379f285-9fbd-4a97-9ecd-eccf05e7c12d",
                "9d4119c6-d770-4d69-972b-e0041cc31e08",
                "652ae9a2-5b95-433a-ac48-a140d7acbb9e"
              ],
              "failures": [],
              "pending": [],
              "skipped": [],
              "duration": 3838,
              "root": false,
              "rootEmpty": false,
              "_timeout": 2000
            }
          ],
          "passes": [],
          "failures": [],
          "pending": [],
          "skipped": [],
          "duration": 0,
          "root": false,
          "rootEmpty": false,
          "_timeout": 2000
        }
      ],
      "passes": [],
      "failures": [],
      "pending": [],
      "skipped": [],
      "duration": 0,
      "root": true,
      "rootEmpty": true,
      "_timeout": 2000
    },
    {
      "uuid": "622ce327-d05d-41cd-9a6c-53479fb1e423",
      "title": "",
      "fullFile": "cypress/integration/5.fluxoDeCompra.spec.js",
      "file": "cypress/integration/5.fluxoDeCompra.spec.js",
      "beforeHooks": [],
      "afterHooks": [],
      "tests": [],
      "suites": [
        {
          "uuid": "aaeca817-a02f-4aa6-9958-9c203a961562",
          "title": "Casos de teste sobre o fluxo de compra da API Serverest",
          "fullFile": "",
          "file": "",
          "beforeHooks": [],
          "afterHooks": [],
          "tests": [
            {
              "title": "CT23 - Validar rota de criação de usuário com sucesso",
              "fullTitle": "Casos de teste sobre o fluxo de compra da API Serverest CT23 - Validar rota de criação de usuário com sucesso",
              "timedOut": null,
              "duration": 419,
              "state": "passed",
              "speed": "fast",
              "pass": true,
              "fail": false,
              "pending": false,
              "context": null,
              "code": "_serverest.default.postarUsuarioValido().then(res => {\n  cy.contractValidation(res, '4.post-usuarios', 201);\n  _validaServerest.default.validarCadastroDeUsuarioComSucesso(res);\n});",
              "err": {},
              "uuid": "0dce83b9-f600-40b2-8155-7124e9ec1680",
              "parentUUID": "aaeca817-a02f-4aa6-9958-9c203a961562",
              "isHook": false,
              "skipped": false
            }
          ],
          "suites": [
            {
              "uuid": "f085d664-ca15-4a19-a453-9e2608f8a100",
              "title": "CT01 - Validar rota de login com sucesso",
              "fullFile": "",
              "file": "",
              "beforeHooks": [],
              "afterHooks": [],
              "tests": [
                {
                  "title": "CT42 - Validar rota de lista de produtos com sucesso",
                  "fullTitle": "Casos de teste sobre o fluxo de compra da API Serverest CT01 - Validar rota de login com sucesso CT42 - Validar rota de lista de produtos com sucesso",
                  "timedOut": null,
                  "duration": 1765,
                  "state": "passed",
                  "speed": "fast",
                  "pass": true,
                  "fail": false,
                  "pending": false,
                  "context": null,
                  "code": "_serverest.default.buscarProdutos().then(res => {\n  cy.contractValidation(res, '7.get-produtos', 200);\n  _validaServerest.default.validarBuscaDeProdutos(res);\n});",
                  "err": {},
                  "uuid": "c06e25fb-cee8-43e3-9fbe-d020761c20fa",
                  "parentUUID": "f085d664-ca15-4a19-a453-9e2608f8a100",
                  "isHook": false,
                  "skipped": false
                },
                {
                  "title": "CT73 - Validar rota de criação de carrinho com sucesso",
                  "fullTitle": "Casos de teste sobre o fluxo de compra da API Serverest CT01 - Validar rota de login com sucesso CT73 - Validar rota de criação de carrinho com sucesso",
                  "timedOut": null,
                  "duration": 1836,
                  "state": "passed",
                  "speed": "fast",
                  "pass": true,
                  "fail": false,
                  "pending": false,
                  "context": null,
                  "code": "_serverest.default.buscarProdutoParaCarrinho();\ncy.get('@produtoCarrinho').then(produto => {\n  _serverest.default.adicionarProdutoAoCarrinho(produto).then(res => {\n    cy.contractValidation(res, '14.post-carrinhos', 201);\n    _validaServerest.default.validarCadastroDeCarrinhoComSucesso(res);\n  });\n});",
                  "err": {},
                  "uuid": "e9b3c657-d414-42fe-ade3-0db50b69ae9c",
                  "parentUUID": "f085d664-ca15-4a19-a453-9e2608f8a100",
                  "isHook": false,
                  "skipped": false
                },
                {
                  "title": "CT68 - Validar rota de lista de carrinhos",
                  "fullTitle": "Casos de teste sobre o fluxo de compra da API Serverest CT01 - Validar rota de login com sucesso CT68 - Validar rota de lista de carrinhos",
                  "timedOut": null,
                  "duration": 1081,
                  "state": "passed",
                  "speed": "fast",
                  "pass": true,
                  "fail": false,
                  "pending": false,
                  "context": null,
                  "code": "_serverest.default.buscarCarrinho().then(res => {\n  cy.contractValidation(res, '12.get-carrinhos', 200);\n  _validaServerest.default.validarBuscaDeCarrinho(res);\n});",
                  "err": {},
                  "uuid": "af79d15e-3a0f-49e1-8f7a-2e5c8295cfbf",
                  "parentUUID": "f085d664-ca15-4a19-a453-9e2608f8a100",
                  "isHook": false,
                  "skipped": false
                },
                {
                  "title": "CT84 - Validar rota de exclusão de carrinho ao concluir compra",
                  "fullTitle": "Casos de teste sobre o fluxo de compra da API Serverest CT01 - Validar rota de login com sucesso CT84 - Validar rota de exclusão de carrinho ao concluir compra",
                  "timedOut": null,
                  "duration": 993,
                  "state": "passed",
                  "speed": "fast",
                  "pass": true,
                  "fail": false,
                  "pending": false,
                  "context": null,
                  "code": "_serverest.default.concluirCompra().then(res => {\n  cy.contractValidation(res, '15.delete-carrinhos-concluir-compra', 200);\n  _validaServerest.default.validarExclusaoDeCarrinhoComSucesso(res);\n});",
                  "err": {},
                  "uuid": "67dfcb9b-1425-4101-8c20-2a6247ed25ce",
                  "parentUUID": "f085d664-ca15-4a19-a453-9e2608f8a100",
                  "isHook": false,
                  "skipped": false
                }
              ],
              "suites": [],
              "passes": [
                "c06e25fb-cee8-43e3-9fbe-d020761c20fa",
                "e9b3c657-d414-42fe-ade3-0db50b69ae9c",
                "af79d15e-3a0f-49e1-8f7a-2e5c8295cfbf",
                "67dfcb9b-1425-4101-8c20-2a6247ed25ce"
              ],
              "failures": [],
              "pending": [],
              "skipped": [],
              "duration": 5675,
              "root": false,
              "rootEmpty": false,
              "_timeout": 2000
            }
          ],
          "passes": [
            "0dce83b9-f600-40b2-8155-7124e9ec1680"
          ],
          "failures": [],
          "pending": [],
          "skipped": [],
          "duration": 419,
          "root": false,
          "rootEmpty": false,
          "_timeout": 2000
        }
      ],
      "passes": [],
      "failures": [],
      "pending": [],
      "skipped": [],
      "duration": 0,
      "root": true,
      "rootEmpty": true,
      "_timeout": 2000
    },
    {
      "uuid": "7d59b5d7-4440-48ec-b86d-b372f1c780f5",
      "title": "",
      "fullFile": "cypress/integration/6.fluxoAdministrativo.spec.js",
      "file": "cypress/integration/6.fluxoAdministrativo.spec.js",
      "beforeHooks": [],
      "afterHooks": [],
      "tests": [],
      "suites": [
        {
          "uuid": "b0fd232f-b05d-4164-aa43-64e6e2c30931",
          "title": "Casos de teste sobre a área administrativa da API Serverest",
          "fullFile": "",
          "file": "",
          "beforeHooks": [],
          "afterHooks": [],
          "tests": [],
          "suites": [
            {
              "uuid": "c2183ab0-dfa8-45ed-87ce-d566ef0950f1",
              "title": "CT01 - Validar rota de login com sucesso",
              "fullFile": "",
              "file": "",
              "beforeHooks": [],
              "afterHooks": [],
              "tests": [
                {
                  "title": "CT18 - Validar rota de lista de usuários",
                  "fullTitle": "Casos de teste sobre a área administrativa da API Serverest CT01 - Validar rota de login com sucesso CT18 - Validar rota de lista de usuários",
                  "timedOut": null,
                  "duration": 1561,
                  "state": "passed",
                  "speed": "fast",
                  "pass": true,
                  "fail": false,
                  "pending": false,
                  "context": null,
                  "code": "_serverest.default.buscarUsuarios().then(res => {\n  cy.contractValidation(res, '2.get-usuarios', 200);\n  _validaServerest.default.validarBuscaDeUsuarios(res);\n});",
                  "err": {},
                  "uuid": "27d7d852-10f2-43bc-8998-89e12b98d574",
                  "parentUUID": "c2183ab0-dfa8-45ed-87ce-d566ef0950f1",
                  "isHook": false,
                  "skipped": false
                },
                {
                  "title": "CT23 - Validar rota de criação de usuário com sucesso",
                  "fullTitle": "Casos de teste sobre a área administrativa da API Serverest CT01 - Validar rota de login com sucesso CT23 - Validar rota de criação de usuário com sucesso",
                  "timedOut": null,
                  "duration": 1576,
                  "state": "passed",
                  "speed": "fast",
                  "pass": true,
                  "fail": false,
                  "pending": false,
                  "context": null,
                  "code": "_serverest.default.postarUsuarioValido().then(res => {\n  cy.contractValidation(res, '4.post-usuarios', 201);\n  _validaServerest.default.validarCadastroDeUsuarioComSucesso(res);\n});",
                  "err": {},
                  "uuid": "c8f5130a-316f-47a4-a72c-7076f7edb365",
                  "parentUUID": "c2183ab0-dfa8-45ed-87ce-d566ef0950f1",
                  "isHook": false,
                  "skipped": false
                },
                {
                  "title": "CT30 - Validar rota de alteração de usuário com sucesso",
                  "fullTitle": "Casos de teste sobre a área administrativa da API Serverest CT01 - Validar rota de login com sucesso CT30 - Validar rota de alteração de usuário com sucesso",
                  "timedOut": null,
                  "duration": 1316,
                  "state": "passed",
                  "speed": "fast",
                  "pass": true,
                  "fail": false,
                  "pending": false,
                  "context": null,
                  "code": "_serverest.default.alterarUsuarioCadastrado().then(res => {\n  cy.contractValidation(res, '6.put-usuarios-by-id', 200);\n  _validaServerest.default.validarAlteracaoDeUsuarioComSucesso(res);\n});",
                  "err": {},
                  "uuid": "ef7cd97a-3f52-4a4b-8537-3c1239328dff",
                  "parentUUID": "c2183ab0-dfa8-45ed-87ce-d566ef0950f1",
                  "isHook": false,
                  "skipped": false
                },
                {
                  "title": "CT38 - Validar rota de exclusão de usuário com sucesso",
                  "fullTitle": "Casos de teste sobre a área administrativa da API Serverest CT01 - Validar rota de login com sucesso CT38 - Validar rota de exclusão de usuário com sucesso",
                  "timedOut": null,
                  "duration": 1168,
                  "state": "passed",
                  "speed": "fast",
                  "pass": true,
                  "fail": false,
                  "pending": false,
                  "context": null,
                  "code": "_serverest.default.deletarUsuarioCadastrado().then(res => {\n  cy.contractValidation(res, '5.delete-usuarios-by-id', 200);\n  _validaServerest.default.validarExclusaoDeProdutoComSucesso(res);\n});",
                  "err": {},
                  "uuid": "e13137bd-47e7-4c04-a899-d4900389c1fa",
                  "parentUUID": "c2183ab0-dfa8-45ed-87ce-d566ef0950f1",
                  "isHook": false,
                  "skipped": false
                },
                {
                  "title": "CT38 - Validar rota de lista de produtos com sucesso",
                  "fullTitle": "Casos de teste sobre a área administrativa da API Serverest CT01 - Validar rota de login com sucesso CT38 - Validar rota de lista de produtos com sucesso",
                  "timedOut": null,
                  "duration": 1522,
                  "state": "passed",
                  "speed": "fast",
                  "pass": true,
                  "fail": false,
                  "pending": false,
                  "context": null,
                  "code": "_serverest.default.buscarProdutos().then(res => {\n  cy.contractValidation(res, '7.get-produtos', 200);\n  _validaServerest.default.validarBuscaDeProdutos(res);\n});",
                  "err": {},
                  "uuid": "ddeb5ada-3411-48b3-aa72-0ef6afe314eb",
                  "parentUUID": "c2183ab0-dfa8-45ed-87ce-d566ef0950f1",
                  "isHook": false,
                  "skipped": false
                },
                {
                  "title": "CT45 - Validar rota de cadastro de produtos com sucesso",
                  "fullTitle": "Casos de teste sobre a área administrativa da API Serverest CT01 - Validar rota de login com sucesso CT45 - Validar rota de cadastro de produtos com sucesso",
                  "timedOut": null,
                  "duration": 1299,
                  "state": "passed",
                  "speed": "fast",
                  "pass": true,
                  "fail": false,
                  "pending": false,
                  "context": null,
                  "code": "_serverest.default.cadastrarProdutoComSucesso().then(res => {\n  cy.contractValidation(res, '9.post-produtos', 201);\n  _validaServerest.default.validarCadastroDeProdutoComSucesso(res);\n});",
                  "err": {},
                  "uuid": "8cb47ef0-eb56-436e-abea-27d77cfa273b",
                  "parentUUID": "c2183ab0-dfa8-45ed-87ce-d566ef0950f1",
                  "isHook": false,
                  "skipped": false
                },
                {
                  "title": "CT53 - Validar rota de alteração de produto com sucesso",
                  "fullTitle": "Casos de teste sobre a área administrativa da API Serverest CT01 - Validar rota de login com sucesso CT53 - Validar rota de alteração de produto com sucesso",
                  "timedOut": null,
                  "duration": 1327,
                  "state": "passed",
                  "speed": "fast",
                  "pass": true,
                  "fail": false,
                  "pending": false,
                  "context": null,
                  "code": "_serverest.default.alterarProdutoCadastrado().then(res => {\n  cy.contractValidation(res, '11.put-produtos-by-id', 200);\n  _validaServerest.default.validarAlteracaoDeProdutoComSucesso(res);\n});",
                  "err": {},
                  "uuid": "a8e10737-fa56-4c6d-98b3-04540695d942",
                  "parentUUID": "c2183ab0-dfa8-45ed-87ce-d566ef0950f1",
                  "isHook": false,
                  "skipped": false
                },
                {
                  "title": "CT62 - Validar rota de exclusão de produtos com sucesso",
                  "fullTitle": "Casos de teste sobre a área administrativa da API Serverest CT01 - Validar rota de login com sucesso CT62 - Validar rota de exclusão de produtos com sucesso",
                  "timedOut": null,
                  "duration": 1307,
                  "state": "passed",
                  "speed": "fast",
                  "pass": true,
                  "fail": false,
                  "pending": false,
                  "context": null,
                  "code": "_serverest.default.deletarProdutoCadastrado().then(res => {\n  cy.contractValidation(res, '10.delete-produtos-by-id', 200);\n  _validaServerest.default.validarExclusaoDeProdutoComSucesso(res);\n});",
                  "err": {},
                  "uuid": "68eeed49-1d2d-4be4-aae4-2cb59e3d420c",
                  "parentUUID": "c2183ab0-dfa8-45ed-87ce-d566ef0950f1",
                  "isHook": false,
                  "skipped": false
                },
                {
                  "title": "CT68 - Validar rota de lista de carrinhos",
                  "fullTitle": "Casos de teste sobre a área administrativa da API Serverest CT01 - Validar rota de login com sucesso CT68 - Validar rota de lista de carrinhos",
                  "timedOut": null,
                  "duration": 1492,
                  "state": "passed",
                  "speed": "fast",
                  "pass": true,
                  "fail": false,
                  "pending": false,
                  "context": null,
                  "code": "_serverest.default.buscarCarrinho().then(res => {\n  cy.contractValidation(res, '12.get-carrinhos', 200);\n  _validaServerest.default.validarBuscaDeCarrinho(res);\n});",
                  "err": {},
                  "uuid": "2e8ae4c9-ab1b-4d84-ad78-dd0a35870384",
                  "parentUUID": "c2183ab0-dfa8-45ed-87ce-d566ef0950f1",
                  "isHook": false,
                  "skipped": false
                }
              ],
              "suites": [],
              "passes": [
                "27d7d852-10f2-43bc-8998-89e12b98d574",
                "c8f5130a-316f-47a4-a72c-7076f7edb365",
                "ef7cd97a-3f52-4a4b-8537-3c1239328dff",
                "e13137bd-47e7-4c04-a899-d4900389c1fa",
                "ddeb5ada-3411-48b3-aa72-0ef6afe314eb",
                "8cb47ef0-eb56-436e-abea-27d77cfa273b",
                "a8e10737-fa56-4c6d-98b3-04540695d942",
                "68eeed49-1d2d-4be4-aae4-2cb59e3d420c",
                "2e8ae4c9-ab1b-4d84-ad78-dd0a35870384"
              ],
              "failures": [],
              "pending": [],
              "skipped": [],
              "duration": 12568,
              "root": false,
              "rootEmpty": false,
              "_timeout": 2000
            }
          ],
          "passes": [],
          "failures": [],
          "pending": [],
          "skipped": [],
          "duration": 0,
          "root": false,
          "rootEmpty": false,
          "_timeout": 2000
        }
      ],
      "passes": [],
      "failures": [],
      "pending": [],
      "skipped": [],
      "duration": 0,
      "root": true,
      "rootEmpty": true,
      "_timeout": 2000
    },
    {
      "uuid": "68235f03-8c5d-47c5-82e6-7cce35a67ea3",
      "title": "",
      "fullFile": "cypress/integration/1.login.spec.js",
      "file": "cypress/integration/1.login.spec.js",
      "beforeHooks": [],
      "afterHooks": [],
      "tests": [],
      "suites": [
        {
          "uuid": "abdbdabd-8e97-4208-8f0c-157a7b5b8ec6",
          "title": "Casos de teste sobre a rota /login da API Serverest",
          "fullFile": "",
          "file": "",
          "beforeHooks": [],
          "afterHooks": [],
          "tests": [
            {
              "title": "CT01 - Validar rota de login com sucesso",
              "fullTitle": "Casos de teste sobre a rota /login da API Serverest CT01 - Validar rota de login com sucesso",
              "timedOut": null,
              "duration": 1357,
              "state": "passed",
              "speed": "fast",
              "pass": true,
              "fail": false,
              "pending": false,
              "context": null,
              "code": "_serverest.default.buscarUsuarioParaLogin();\ncy.get('@usuarioLogin').then(usuario => {\n  _serverest.default.logar(usuario).then(res => {\n    cy.contractValidation(res, '1.login', 200);\n    _validaServerest.default.validarLoginComSucesso(res);\n    _serverest.default.salvarBearer(res);\n  });\n});",
              "err": {},
              "uuid": "402ba71d-a1b1-4b64-9db8-2ccef9fab460",
              "parentUUID": "abdbdabd-8e97-4208-8f0c-157a7b5b8ec6",
              "isHook": false,
              "skipped": false
            },
            {
              "title": "CT02 - Validar rota de login email não cadastrado",
              "fullTitle": "Casos de teste sobre a rota /login da API Serverest CT02 - Validar rota de login email não cadastrado",
              "timedOut": null,
              "duration": 669,
              "state": "failed",
              "speed": null,
              "pass": false,
              "fail": true,
              "pending": false,
              "context": null,
              "code": "_serverest.default.logarUsuarioFalso().then(res => {\n  cy.contractValidation(res, '1.login', 400);\n  _validaServerest.default.validarLoginSemSucesso(res);\n});",
              "err": {
                "message": "AssertionError: expected 401 to equal 400",
                "estack": "AssertionError: expected 401 to equal 400\n    at Function.validarLoginSemSucesso (https://serverest.dev/__cypress/tests?p=cypress\\integration\\1.login.spec.js:483:32)\n    at Context.eval (https://serverest.dev/__cypress/tests?p=cypress\\integration\\1.login.spec.js:198:32)",
                "diff": "- 401\n+ 400\n"
              },
              "uuid": "a71f919d-756a-4e4e-8862-92d8435d73ff",
              "parentUUID": "abdbdabd-8e97-4208-8f0c-157a7b5b8ec6",
              "isHook": false,
              "skipped": false
            },
            {
              "title": "CT03 - Validar rota de login com senha incorreta",
              "fullTitle": "Casos de teste sobre a rota /login da API Serverest CT03 - Validar rota de login com senha incorreta",
              "timedOut": null,
              "duration": 1681,
              "state": "failed",
              "speed": null,
              "pass": false,
              "fail": true,
              "pending": false,
              "context": null,
              "code": "_serverest.default.buscarUsuarioParaLoginComSenhaInvalida();\ncy.get('@usuarioLogin').then(usuario => {\n  _serverest.default.logar(usuario).then(res => {\n    cy.contractValidation(res, '1.login', 400);\n    _validaServerest.default.validarLoginSemSucesso(res);\n  });\n});",
              "err": {
                "message": "AssertionError: expected 401 to equal 400",
                "estack": "AssertionError: expected 401 to equal 400\n    at Function.validarLoginSemSucesso (https://serverest.dev/__cypress/tests?p=cypress\\integration\\1.login.spec.js:483:32)\n    at Context.eval (https://serverest.dev/__cypress/tests?p=cypress\\integration\\1.login.spec.js:208:34)",
                "diff": "- 401\n+ 400\n"
              },
              "uuid": "5062e472-2e40-4c89-b060-d6a7914ad4f3",
              "parentUUID": "abdbdabd-8e97-4208-8f0c-157a7b5b8ec6",
              "isHook": false,
              "skipped": false
            }
          ],
          "suites": [],
          "passes": [
            "402ba71d-a1b1-4b64-9db8-2ccef9fab460"
          ],
          "failures": [
            "a71f919d-756a-4e4e-8862-92d8435d73ff",
            "5062e472-2e40-4c89-b060-d6a7914ad4f3"
          ],
          "pending": [],
          "skipped": [],
          "duration": 3707,
          "root": false,
          "rootEmpty": false,
          "_timeout": 2000
        }
      ],
      "passes": [],
      "failures": [],
      "pending": [],
      "skipped": [],
      "duration": 0,
      "root": true,
      "rootEmpty": true,
      "_timeout": 2000
    }
  ],
  "meta": {
    "mocha": {
      "version": "7.0.1"
    },
    "mochawesome": {
      "options": {
        "quiet": false,
        "reportFilename": "mochawesome",
        "saveHtml": false,
        "saveJson": true,
        "consoleReporter": "spec",
        "useInlineDiffs": false,
        "code": true
      },
      "version": "7.1.3"
    },
    "marge": {
      "options": {
        "id": "default",
        "reportDir": "cypress/reports/mocha",
        "quite": true,
        "overwrite": false,
        "html": false,
        "json": true
      },
      "version": "6.2.0"
    }
  }
}