{
  "stats": {
    "suites": 6,
    "tests": 33,
    "passes": 31,
    "pending": 0,
    "failures": 2,
    "start": "2022-09-28T01:48:04.747Z",
    "end": "2022-09-28T01:49:17.872Z",
    "duration": 28529,
    "testsRegistered": 33,
    "passPercent": 93.93939393939394,
    "pendingPercent": 0,
    "other": 0,
    "hasOther": false,
    "skipped": 0,
    "hasSkipped": false
  },
  "results": [
    {
      "uuid": "1b44ec78-2c02-47bd-a74a-4b8decb1b2b8",
      "title": "",
      "fullFile": "cypress/integration/2.cadastroUsuarios.spec.js",
      "file": "cypress/integration/2.cadastroUsuarios.spec.js",
      "beforeHooks": [],
      "afterHooks": [],
      "tests": [],
      "suites": [
        {
          "uuid": "9479f31d-b812-456c-b877-571321b01569",
          "title": "Casos de teste sobre a rota /usuarios da API Serverest",
          "fullFile": "",
          "file": "",
          "beforeHooks": [],
          "afterHooks": [],
          "tests": [
            {
              "title": "CT18 - Validar rota de lista de usuários",
              "fullTitle": "Casos de teste sobre a rota /usuarios da API Serverest CT18 - Validar rota de lista de usuários",
              "timedOut": null,
              "duration": 711,
              "state": "passed",
              "speed": "fast",
              "pass": true,
              "fail": false,
              "pending": false,
              "context": null,
              "code": "_serverest.default.buscarUsuarios().then(res => {\n  cy.contractValidation(res, '2.get-usuarios', 200);\n  _validaServerest.default.validarBuscaDeUsuarios(res);\n});",
              "err": {},
              "uuid": "04bbc1b5-71f2-421b-8b95-9cd497f5568b",
              "parentUUID": "9479f31d-b812-456c-b877-571321b01569",
              "isHook": false,
              "skipped": false
            },
            {
              "title": "CT20 - Validar rota de busca de usuário por id com sucesso",
              "fullTitle": "Casos de teste sobre a rota /usuarios da API Serverest CT20 - Validar rota de busca de usuário por id com sucesso",
              "timedOut": null,
              "duration": 286,
              "state": "passed",
              "speed": "fast",
              "pass": true,
              "fail": false,
              "pending": false,
              "context": null,
              "code": "_serverest.default.buscarUsuarioPorId().then(res => {\n  cy.contractValidation(res, '3.get-usuarios-by-id', 200);\n  _validaServerest.default.validarBuscaDeUsuariosPorId(res);\n});",
              "err": {},
              "uuid": "48d9e26f-d54a-4797-97d9-ad7b3e5300c6",
              "parentUUID": "9479f31d-b812-456c-b877-571321b01569",
              "isHook": false,
              "skipped": false
            },
            {
              "title": "CT23 - Validar rota de criação de usuário com sucesso",
              "fullTitle": "Casos de teste sobre a rota /usuarios da API Serverest CT23 - Validar rota de criação de usuário com sucesso",
              "timedOut": null,
              "duration": 313,
              "state": "passed",
              "speed": "fast",
              "pass": true,
              "fail": false,
              "pending": false,
              "context": null,
              "code": "_serverest.default.postarUsuarioValido().then(res => {\n  cy.contractValidation(res, '4.post-usuarios', 201);\n  _validaServerest.default.validarCadastroDeUsuarioComSucesso(res);\n});",
              "err": {},
              "uuid": "5f11a04f-004f-4948-83c1-533cd4aadaa9",
              "parentUUID": "9479f31d-b812-456c-b877-571321b01569",
              "isHook": false,
              "skipped": false
            },
            {
              "title": "CT29 - Validar rota de não criação de usuário com email já cadastrado",
              "fullTitle": "Casos de teste sobre a rota /usuarios da API Serverest CT29 - Validar rota de não criação de usuário com email já cadastrado",
              "timedOut": null,
              "duration": 341,
              "state": "passed",
              "speed": "fast",
              "pass": true,
              "fail": false,
              "pending": false,
              "context": null,
              "code": "cy.postarUsuarioSemSucesso().then(res => {\n  cy.contractValidation(res, '4.post-usuarios', 400);\n  _validaServerest.default.validarCadastroDeUsuarioSemSucesso(res);\n});",
              "err": {},
              "uuid": "2f9e2dc0-9de7-4a89-bb8e-91fabadb947a",
              "parentUUID": "9479f31d-b812-456c-b877-571321b01569",
              "isHook": false,
              "skipped": false
            },
            {
              "title": "CT30 - Validar rota de alteração de usuário com sucesso",
              "fullTitle": "Casos de teste sobre a rota /usuarios da API Serverest CT30 - Validar rota de alteração de usuário com sucesso",
              "timedOut": null,
              "duration": 275,
              "state": "passed",
              "speed": "fast",
              "pass": true,
              "fail": false,
              "pending": false,
              "context": null,
              "code": "_serverest.default.alterarUsuarioCadastrado().then(res => {\n  cy.contractValidation(res, '6.put-usuarios-by-id', 200);\n  _validaServerest.default.validarAlteracaoDeUsuarioComSucesso(res);\n});",
              "err": {},
              "uuid": "823d0f1b-053e-43e1-b703-d277ec37527f",
              "parentUUID": "9479f31d-b812-456c-b877-571321b01569",
              "isHook": false,
              "skipped": false
            },
            {
              "title": "CT31 - Validar rota de criação de usuário ao tentar alterar usuário inexistente",
              "fullTitle": "Casos de teste sobre a rota /usuarios da API Serverest CT31 - Validar rota de criação de usuário ao tentar alterar usuário inexistente",
              "timedOut": null,
              "duration": 287,
              "state": "passed",
              "speed": "fast",
              "pass": true,
              "fail": false,
              "pending": false,
              "context": null,
              "code": "_serverest.default.cadastrarUsuarioAoTentarAlterar().then(res => {\n  cy.contractValidation(res, '6.put-usuarios-by-id', 201);\n  _validaServerest.default.validarCadastroDeUsuarioComSucesso(res);\n});",
              "err": {},
              "uuid": "0b6ba6ca-3a6d-4969-90e2-1c1c31862a86",
              "parentUUID": "9479f31d-b812-456c-b877-571321b01569",
              "isHook": false,
              "skipped": false
            },
            {
              "title": "CT38 - Validar rota de exclusão de usuário com sucesso",
              "fullTitle": "Casos de teste sobre a rota /usuarios da API Serverest CT38 - Validar rota de exclusão de usuário com sucesso",
              "timedOut": null,
              "duration": 297,
              "state": "passed",
              "speed": "fast",
              "pass": true,
              "fail": false,
              "pending": false,
              "context": null,
              "code": "_serverest.default.deletarUsuarioCadastrado().then(res => {\n  cy.contractValidation(res, '5.delete-usuarios-by-id', 200);\n  _validaServerest.default.validarExclusaoDeUsuarioComSucesso(res);\n});",
              "err": {},
              "uuid": "6c80f33a-d477-4daf-9c6b-60143400ff0f",
              "parentUUID": "9479f31d-b812-456c-b877-571321b01569",
              "isHook": false,
              "skipped": false
            }
          ],
          "suites": [],
          "passes": [
            "04bbc1b5-71f2-421b-8b95-9cd497f5568b",
            "48d9e26f-d54a-4797-97d9-ad7b3e5300c6",
            "5f11a04f-004f-4948-83c1-533cd4aadaa9",
            "2f9e2dc0-9de7-4a89-bb8e-91fabadb947a",
            "823d0f1b-053e-43e1-b703-d277ec37527f",
            "0b6ba6ca-3a6d-4969-90e2-1c1c31862a86",
            "6c80f33a-d477-4daf-9c6b-60143400ff0f"
          ],
          "failures": [],
          "pending": [],
          "skipped": [],
          "duration": 2510,
          "root": false,
          "rootEmpty": false,
          "_timeout": 2000
        }
      ],
      "passes": [],
      "failures": [],
      "pending": [],
      "skipped": [],
      "duration": 0,
      "root": true,
      "rootEmpty": true,
      "_timeout": 2000
    },
    {
      "uuid": "449bc88f-2446-4d07-a02c-44097ec6dcc2",
      "title": "",
      "fullFile": "cypress/integration/3.cadastroProdutos.spec.js",
      "file": "cypress/integration/3.cadastroProdutos.spec.js",
      "beforeHooks": [],
      "afterHooks": [],
      "tests": [],
      "suites": [
        {
          "uuid": "01752b05-f915-4421-b563-fe308d3e3b4e",
          "title": "Casos de teste sobre a rota /produtos da API Serverest",
          "fullFile": "",
          "file": "",
          "beforeHooks": [],
          "afterHooks": [],
          "tests": [
            {
              "title": "CT42 - Validar rota de lista de produtos com sucesso",
              "fullTitle": "Casos de teste sobre a rota /produtos da API Serverest CT42 - Validar rota de lista de produtos com sucesso",
              "timedOut": null,
              "duration": 736,
              "state": "passed",
              "speed": "fast",
              "pass": true,
              "fail": false,
              "pending": false,
              "context": null,
              "code": "_serverest.default.buscarProdutos().then(res => {\n  cy.contractValidation(res, '7.get-produtos', 200);\n  _validaServerest.default.validarBuscaDeProdutos(res);\n});",
              "err": {},
              "uuid": "4d03d1ed-575f-4107-b22d-530dac6e67a6",
              "parentUUID": "01752b05-f915-4421-b563-fe308d3e3b4e",
              "isHook": false,
              "skipped": false
            },
            {
              "title": "CT43 - Validar rota de busca de produtos por id com sucesso",
              "fullTitle": "Casos de teste sobre a rota /produtos da API Serverest CT43 - Validar rota de busca de produtos por id com sucesso",
              "timedOut": null,
              "duration": 302,
              "state": "passed",
              "speed": "fast",
              "pass": true,
              "fail": false,
              "pending": false,
              "context": null,
              "code": "_serverest.default.buscarProdutoPorId().then(res => {\n  cy.contractValidation(res, '8.get-produtos-by-id', 200);\n  _validaServerest.default.validarBuscaDeProdutosPorId(res);\n});",
              "err": {},
              "uuid": "003afa4d-0f09-40c0-bdd4-4d9ba2b4f4d7",
              "parentUUID": "01752b05-f915-4421-b563-fe308d3e3b4e",
              "isHook": false,
              "skipped": false
            },
            {
              "title": "CT44 - Validar rota de busca de produtos por id sem sucesso",
              "fullTitle": "Casos de teste sobre a rota /produtos da API Serverest CT44 - Validar rota de busca de produtos por id sem sucesso",
              "timedOut": null,
              "duration": 297,
              "state": "passed",
              "speed": "fast",
              "pass": true,
              "fail": false,
              "pending": false,
              "context": null,
              "code": "_serverest.default.buscarProdutoPorIdInexistente().then(res => {\n  cy.contractValidation(res, '8.get-produtos-by-id', 400);\n  _validaServerest.default.validarBuscaDeProdutosPorIdSemSucesso(res);\n});",
              "err": {},
              "uuid": "9e3ff2d5-e490-4835-bc29-dc1a3480272e",
              "parentUUID": "01752b05-f915-4421-b563-fe308d3e3b4e",
              "isHook": false,
              "skipped": false
            }
          ],
          "suites": [
            {
              "uuid": "0805a3e6-f527-48cc-a066-b29f0e2322bb",
              "title": "CT01 - Validar rota de login com sucesso",
              "fullFile": "",
              "file": "",
              "beforeHooks": [],
              "afterHooks": [],
              "tests": [
                {
                  "title": "CT45 - Validar rota de produtos com sucesso",
                  "fullTitle": "Casos de teste sobre a rota /produtos da API Serverest CT01 - Validar rota de login com sucesso CT45 - Validar rota de produtos com sucesso",
                  "timedOut": null,
                  "duration": 940,
                  "state": "passed",
                  "speed": "fast",
                  "pass": true,
                  "fail": false,
                  "pending": false,
                  "context": null,
                  "code": "_serverest.default.cadastrarProdutoComSucesso().then(res => {\n  cy.contractValidation(res, '9.post-produtos', 201);\n  _validaServerest.default.validarCadastroDeProdutoComSucesso(res);\n});",
                  "err": {},
                  "uuid": "2d1cd775-9570-4fd9-95de-a429e180eb52",
                  "parentUUID": "0805a3e6-f527-48cc-a066-b29f0e2322bb",
                  "isHook": false,
                  "skipped": false
                },
                {
                  "title": "CT53 - Validar rota de exclusão de produtos com sucesso",
                  "fullTitle": "Casos de teste sobre a rota /produtos da API Serverest CT01 - Validar rota de login com sucesso CT53 - Validar rota de exclusão de produtos com sucesso",
                  "timedOut": null,
                  "duration": 862,
                  "state": "passed",
                  "speed": "fast",
                  "pass": true,
                  "fail": false,
                  "pending": false,
                  "context": null,
                  "code": "_serverest.default.alterarProdutoCadastrado().then(res => {\n  cy.contractValidation(res, '11.put-produtos-by-id', 200);\n  _validaServerest.default.validarAlteracaoDeProdutoComSucesso(res);\n});",
                  "err": {},
                  "uuid": "73fa39a2-7657-4eb5-8815-be38a5464fbd",
                  "parentUUID": "0805a3e6-f527-48cc-a066-b29f0e2322bb",
                  "isHook": false,
                  "skipped": false
                },
                {
                  "title": "CT62 - Validar rota de exclusão de produtos com sucesso",
                  "fullTitle": "Casos de teste sobre a rota /produtos da API Serverest CT01 - Validar rota de login com sucesso CT62 - Validar rota de exclusão de produtos com sucesso",
                  "timedOut": null,
                  "duration": 957,
                  "state": "passed",
                  "speed": "fast",
                  "pass": true,
                  "fail": false,
                  "pending": false,
                  "context": null,
                  "code": "_serverest.default.deletarProdutoCadastrado().then(res => {\n  cy.contractValidation(res, '10.delete-produtos-by-id', 200);\n  _validaServerest.default.validarExclusaoDeProdutoComSucesso(res);\n});",
                  "err": {},
                  "uuid": "6c3c8c91-bc9e-46ec-944a-f41a66d1ba3b",
                  "parentUUID": "0805a3e6-f527-48cc-a066-b29f0e2322bb",
                  "isHook": false,
                  "skipped": false
                }
              ],
              "suites": [],
              "passes": [
                "2d1cd775-9570-4fd9-95de-a429e180eb52",
                "73fa39a2-7657-4eb5-8815-be38a5464fbd",
                "6c3c8c91-bc9e-46ec-944a-f41a66d1ba3b"
              ],
              "failures": [],
              "pending": [],
              "skipped": [],
              "duration": 2759,
              "root": false,
              "rootEmpty": false,
              "_timeout": 2000
            }
          ],
          "passes": [
            "4d03d1ed-575f-4107-b22d-530dac6e67a6",
            "003afa4d-0f09-40c0-bdd4-4d9ba2b4f4d7",
            "9e3ff2d5-e490-4835-bc29-dc1a3480272e"
          ],
          "failures": [],
          "pending": [],
          "skipped": [],
          "duration": 1335,
          "root": false,
          "rootEmpty": false,
          "_timeout": 2000
        }
      ],
      "passes": [],
      "failures": [],
      "pending": [],
      "skipped": [],
      "duration": 0,
      "root": true,
      "rootEmpty": true,
      "_timeout": 2000
    },
    {
      "uuid": "f0535ead-cc97-483d-98a1-78e2802c2677",
      "title": "",
      "fullFile": "cypress/integration/4.cadastroCarrinhos.spec.js",
      "file": "cypress/integration/4.cadastroCarrinhos.spec.js",
      "beforeHooks": [],
      "afterHooks": [],
      "tests": [],
      "suites": [
        {
          "uuid": "592d8a3e-f2ab-4cb0-a228-3a0b85503503",
          "title": "Casos de teste sobre a rota /carrinhos da API Serverest",
          "fullFile": "",
          "file": "",
          "beforeHooks": [],
          "afterHooks": [],
          "tests": [],
          "suites": [
            {
              "uuid": "92ceefb2-dd5c-4747-8545-f518acfd77b7",
              "title": "CT01 - Validar rota de login com sucesso",
              "fullFile": "",
              "file": "",
              "beforeHooks": [],
              "afterHooks": [],
              "tests": [
                {
                  "title": "CT73 - Validar rota de criação de carrinho com sucesso",
                  "fullTitle": "Casos de teste sobre a rota /carrinhos da API Serverest CT01 - Validar rota de login com sucesso CT73 - Validar rota de criação de carrinho com sucesso",
                  "timedOut": null,
                  "duration": 1277,
                  "state": "passed",
                  "speed": "fast",
                  "pass": true,
                  "fail": false,
                  "pending": false,
                  "context": null,
                  "code": "_serverest.default.buscarProdutoParaCarrinho();\ncy.get('@produtoCarrinho').then(produto => {\n  _serverest.default.adicionarProdutoAoCarrinho(produto).then(res => {\n    cy.contractValidation(res, '14.post-carrinhos', 201);\n    _validaServerest.default.validarCadastroDeCarrinhoComSucesso(res);\n  });\n});",
                  "err": {},
                  "uuid": "ca18f0f5-4e73-4513-8030-7520ef315609",
                  "parentUUID": "92ceefb2-dd5c-4747-8545-f518acfd77b7",
                  "isHook": false,
                  "skipped": false
                },
                {
                  "title": "CT68 - Validar rota de lista de carrinhos",
                  "fullTitle": "Casos de teste sobre a rota /carrinhos da API Serverest CT01 - Validar rota de login com sucesso CT68 - Validar rota de lista de carrinhos",
                  "timedOut": null,
                  "duration": 859,
                  "state": "passed",
                  "speed": "fast",
                  "pass": true,
                  "fail": false,
                  "pending": false,
                  "context": null,
                  "code": "_serverest.default.buscarCarrinho().then(res => {\n  cy.contractValidation(res, '12.get-carrinhos', 200);\n  _validaServerest.default.validarBuscaDeCarrinho(res);\n});",
                  "err": {},
                  "uuid": "c2240f6b-c890-47ff-8fea-c538cec6bda2",
                  "parentUUID": "92ceefb2-dd5c-4747-8545-f518acfd77b7",
                  "isHook": false,
                  "skipped": false
                },
                {
                  "title": "CT84 - Validar rota de exclusão de carrinho ao concluir compra",
                  "fullTitle": "Casos de teste sobre a rota /carrinhos da API Serverest CT01 - Validar rota de login com sucesso CT84 - Validar rota de exclusão de carrinho ao concluir compra",
                  "timedOut": null,
                  "duration": 942,
                  "state": "passed",
                  "speed": "fast",
                  "pass": true,
                  "fail": false,
                  "pending": false,
                  "context": null,
                  "code": "_serverest.default.concluirCompra().then(res => {\n  cy.contractValidation(res, '15.delete-carrinhos-concluir-compra', 200);\n  _validaServerest.default.validarExclusaoDeCarrinhoComSucesso(res);\n});",
                  "err": {},
                  "uuid": "9438e4cd-37d9-4f9c-965e-6ab46f7a4cd3",
                  "parentUUID": "92ceefb2-dd5c-4747-8545-f518acfd77b7",
                  "isHook": false,
                  "skipped": false
                }
              ],
              "suites": [],
              "passes": [
                "ca18f0f5-4e73-4513-8030-7520ef315609",
                "c2240f6b-c890-47ff-8fea-c538cec6bda2",
                "9438e4cd-37d9-4f9c-965e-6ab46f7a4cd3"
              ],
              "failures": [],
              "pending": [],
              "skipped": [],
              "duration": 3078,
              "root": false,
              "rootEmpty": false,
              "_timeout": 2000
            }
          ],
          "passes": [],
          "failures": [],
          "pending": [],
          "skipped": [],
          "duration": 0,
          "root": false,
          "rootEmpty": false,
          "_timeout": 2000
        }
      ],
      "passes": [],
      "failures": [],
      "pending": [],
      "skipped": [],
      "duration": 0,
      "root": true,
      "rootEmpty": true,
      "_timeout": 2000
    },
    {
      "uuid": "0c9282e7-bf89-48c8-b218-1d092c366fb2",
      "title": "",
      "fullFile": "cypress/integration/5.fluxoDeCompra.spec.js",
      "file": "cypress/integration/5.fluxoDeCompra.spec.js",
      "beforeHooks": [],
      "afterHooks": [],
      "tests": [],
      "suites": [
        {
          "uuid": "759ae41b-281c-407f-a4fe-c080a2d52fbe",
          "title": "Casos de teste sobre o fluxo de compra da API Serverest",
          "fullFile": "",
          "file": "",
          "beforeHooks": [],
          "afterHooks": [],
          "tests": [
            {
              "title": "CT23 - Validar rota de criação de usuário com sucesso",
              "fullTitle": "Casos de teste sobre o fluxo de compra da API Serverest CT23 - Validar rota de criação de usuário com sucesso",
              "timedOut": null,
              "duration": 402,
              "state": "passed",
              "speed": "fast",
              "pass": true,
              "fail": false,
              "pending": false,
              "context": null,
              "code": "_serverest.default.postarUsuarioValido().then(res => {\n  cy.contractValidation(res, '4.post-usuarios', 201);\n  _validaServerest.default.validarCadastroDeUsuarioComSucesso(res);\n});",
              "err": {},
              "uuid": "e03625b6-e71c-44e2-a21b-fa0936e7cf30",
              "parentUUID": "759ae41b-281c-407f-a4fe-c080a2d52fbe",
              "isHook": false,
              "skipped": false
            }
          ],
          "suites": [
            {
              "uuid": "0a6e41ec-fcd2-493c-aa61-90db921c7fed",
              "title": "CT01 - Validar rota de login com sucesso",
              "fullFile": "",
              "file": "",
              "beforeHooks": [],
              "afterHooks": [],
              "tests": [
                {
                  "title": "CT42 - Validar rota de lista de produtos com sucesso",
                  "fullTitle": "Casos de teste sobre o fluxo de compra da API Serverest CT01 - Validar rota de login com sucesso CT42 - Validar rota de lista de produtos com sucesso",
                  "timedOut": null,
                  "duration": 1056,
                  "state": "passed",
                  "speed": "fast",
                  "pass": true,
                  "fail": false,
                  "pending": false,
                  "context": null,
                  "code": "_serverest.default.buscarProdutos().then(res => {\n  cy.contractValidation(res, '7.get-produtos', 200);\n  _validaServerest.default.validarBuscaDeProdutos(res);\n});",
                  "err": {},
                  "uuid": "95feaad0-891e-4353-a623-9362e028529c",
                  "parentUUID": "0a6e41ec-fcd2-493c-aa61-90db921c7fed",
                  "isHook": false,
                  "skipped": false
                },
                {
                  "title": "CT73 - Validar rota de criação de carrinho com sucesso",
                  "fullTitle": "Casos de teste sobre o fluxo de compra da API Serverest CT01 - Validar rota de login com sucesso CT73 - Validar rota de criação de carrinho com sucesso",
                  "timedOut": null,
                  "duration": 1335,
                  "state": "passed",
                  "speed": "fast",
                  "pass": true,
                  "fail": false,
                  "pending": false,
                  "context": null,
                  "code": "_serverest.default.buscarProdutoParaCarrinho();\ncy.get('@produtoCarrinho').then(produto => {\n  _serverest.default.adicionarProdutoAoCarrinho(produto).then(res => {\n    cy.contractValidation(res, '14.post-carrinhos', 201);\n    _validaServerest.default.validarCadastroDeCarrinhoComSucesso(res);\n  });\n});",
                  "err": {},
                  "uuid": "e713a98e-8da4-4976-bfd2-b3bf8688012d",
                  "parentUUID": "0a6e41ec-fcd2-493c-aa61-90db921c7fed",
                  "isHook": false,
                  "skipped": false
                },
                {
                  "title": "CT68 - Validar rota de lista de carrinhos",
                  "fullTitle": "Casos de teste sobre o fluxo de compra da API Serverest CT01 - Validar rota de login com sucesso CT68 - Validar rota de lista de carrinhos",
                  "timedOut": null,
                  "duration": 1440,
                  "state": "passed",
                  "speed": "fast",
                  "pass": true,
                  "fail": false,
                  "pending": false,
                  "context": null,
                  "code": "_serverest.default.buscarCarrinho().then(res => {\n  cy.contractValidation(res, '12.get-carrinhos', 200);\n  _validaServerest.default.validarBuscaDeCarrinho(res);\n});",
                  "err": {},
                  "uuid": "94a5ec05-498c-4142-862b-4f775402bcd6",
                  "parentUUID": "0a6e41ec-fcd2-493c-aa61-90db921c7fed",
                  "isHook": false,
                  "skipped": false
                },
                {
                  "title": "CT84 - Validar rota de exclusão de carrinho ao concluir compra",
                  "fullTitle": "Casos de teste sobre o fluxo de compra da API Serverest CT01 - Validar rota de login com sucesso CT84 - Validar rota de exclusão de carrinho ao concluir compra",
                  "timedOut": null,
                  "duration": 853,
                  "state": "passed",
                  "speed": "fast",
                  "pass": true,
                  "fail": false,
                  "pending": false,
                  "context": null,
                  "code": "_serverest.default.concluirCompra().then(res => {\n  cy.contractValidation(res, '15.delete-carrinhos-concluir-compra', 200);\n  _validaServerest.default.validarExclusaoDeCarrinhoComSucesso(res);\n});",
                  "err": {},
                  "uuid": "1e70d3fc-bbe5-4894-9101-8328b7b030aa",
                  "parentUUID": "0a6e41ec-fcd2-493c-aa61-90db921c7fed",
                  "isHook": false,
                  "skipped": false
                }
              ],
              "suites": [],
              "passes": [
                "95feaad0-891e-4353-a623-9362e028529c",
                "e713a98e-8da4-4976-bfd2-b3bf8688012d",
                "94a5ec05-498c-4142-862b-4f775402bcd6",
                "1e70d3fc-bbe5-4894-9101-8328b7b030aa"
              ],
              "failures": [],
              "pending": [],
              "skipped": [],
              "duration": 4684,
              "root": false,
              "rootEmpty": false,
              "_timeout": 2000
            }
          ],
          "passes": [
            "e03625b6-e71c-44e2-a21b-fa0936e7cf30"
          ],
          "failures": [],
          "pending": [],
          "skipped": [],
          "duration": 402,
          "root": false,
          "rootEmpty": false,
          "_timeout": 2000
        }
      ],
      "passes": [],
      "failures": [],
      "pending": [],
      "skipped": [],
      "duration": 0,
      "root": true,
      "rootEmpty": true,
      "_timeout": 2000
    },
    {
      "uuid": "cd0bcb8d-8c0f-4bc2-9212-9eb6e32f6565",
      "title": "",
      "fullFile": "cypress/integration/6.fluxoAdministrativo.spec.js",
      "file": "cypress/integration/6.fluxoAdministrativo.spec.js",
      "beforeHooks": [],
      "afterHooks": [],
      "tests": [],
      "suites": [
        {
          "uuid": "db232b9f-40cd-4f66-b9f3-fc0cda33f315",
          "title": "Casos de teste sobre a área administrativa da API Serverest",
          "fullFile": "",
          "file": "",
          "beforeHooks": [],
          "afterHooks": [],
          "tests": [],
          "suites": [
            {
              "uuid": "2b36a5db-d5b2-46b4-aba9-d91e2840071f",
              "title": "CT01 - Validar rota de login com sucesso",
              "fullFile": "",
              "file": "",
              "beforeHooks": [],
              "afterHooks": [],
              "tests": [
                {
                  "title": "CT18 - Validar rota de lista de usuários",
                  "fullTitle": "Casos de teste sobre a área administrativa da API Serverest CT01 - Validar rota de login com sucesso CT18 - Validar rota de lista de usuários",
                  "timedOut": null,
                  "duration": 1523,
                  "state": "passed",
                  "speed": "fast",
                  "pass": true,
                  "fail": false,
                  "pending": false,
                  "context": null,
                  "code": "_serverest.default.buscarUsuarios().then(res => {\n  cy.contractValidation(res, '2.get-usuarios', 200);\n  _validaServerest.default.validarBuscaDeUsuarios(res);\n});",
                  "err": {},
                  "uuid": "f002ec51-0a2b-4cb7-a96d-96b5d7804cf7",
                  "parentUUID": "2b36a5db-d5b2-46b4-aba9-d91e2840071f",
                  "isHook": false,
                  "skipped": false
                },
                {
                  "title": "CT23 - Validar rota de criação de usuário com sucesso",
                  "fullTitle": "Casos de teste sobre a área administrativa da API Serverest CT01 - Validar rota de login com sucesso CT23 - Validar rota de criação de usuário com sucesso",
                  "timedOut": null,
                  "duration": 911,
                  "state": "passed",
                  "speed": "fast",
                  "pass": true,
                  "fail": false,
                  "pending": false,
                  "context": null,
                  "code": "_serverest.default.postarUsuarioValido().then(res => {\n  cy.contractValidation(res, '4.post-usuarios', 201);\n  _validaServerest.default.validarCadastroDeUsuarioComSucesso(res);\n});",
                  "err": {},
                  "uuid": "0e26ed35-e080-40cb-a7c8-3c81383d3b0a",
                  "parentUUID": "2b36a5db-d5b2-46b4-aba9-d91e2840071f",
                  "isHook": false,
                  "skipped": false
                },
                {
                  "title": "CT30 - Validar rota de alteração de usuário com sucesso",
                  "fullTitle": "Casos de teste sobre a área administrativa da API Serverest CT01 - Validar rota de login com sucesso CT30 - Validar rota de alteração de usuário com sucesso",
                  "timedOut": null,
                  "duration": 1001,
                  "state": "passed",
                  "speed": "fast",
                  "pass": true,
                  "fail": false,
                  "pending": false,
                  "context": null,
                  "code": "_serverest.default.alterarUsuarioCadastrado().then(res => {\n  cy.contractValidation(res, '6.put-usuarios-by-id', 200);\n  _validaServerest.default.validarAlteracaoDeUsuarioComSucesso(res);\n});",
                  "err": {},
                  "uuid": "86db85d3-df58-4642-8f53-aa2be44ef85b",
                  "parentUUID": "2b36a5db-d5b2-46b4-aba9-d91e2840071f",
                  "isHook": false,
                  "skipped": false
                },
                {
                  "title": "CT38 - Validar rota de exclusão de usuário com sucesso",
                  "fullTitle": "Casos de teste sobre a área administrativa da API Serverest CT01 - Validar rota de login com sucesso CT38 - Validar rota de exclusão de usuário com sucesso",
                  "timedOut": null,
                  "duration": 978,
                  "state": "passed",
                  "speed": "fast",
                  "pass": true,
                  "fail": false,
                  "pending": false,
                  "context": null,
                  "code": "_serverest.default.deletarUsuarioCadastrado().then(res => {\n  cy.contractValidation(res, '5.delete-usuarios-by-id', 200);\n  _validaServerest.default.validarExclusaoDeProdutoComSucesso(res);\n});",
                  "err": {},
                  "uuid": "7263277d-a77a-462f-b8be-b50f7249d3a0",
                  "parentUUID": "2b36a5db-d5b2-46b4-aba9-d91e2840071f",
                  "isHook": false,
                  "skipped": false
                },
                {
                  "title": "CT38 - Validar rota de lista de produtos com sucesso",
                  "fullTitle": "Casos de teste sobre a área administrativa da API Serverest CT01 - Validar rota de login com sucesso CT38 - Validar rota de lista de produtos com sucesso",
                  "timedOut": null,
                  "duration": 1152,
                  "state": "passed",
                  "speed": "fast",
                  "pass": true,
                  "fail": false,
                  "pending": false,
                  "context": null,
                  "code": "_serverest.default.buscarProdutos().then(res => {\n  cy.contractValidation(res, '7.get-produtos', 200);\n  _validaServerest.default.validarBuscaDeProdutos(res);\n});",
                  "err": {},
                  "uuid": "384bf1ed-cb3c-4d7f-a25f-030aa265a63f",
                  "parentUUID": "2b36a5db-d5b2-46b4-aba9-d91e2840071f",
                  "isHook": false,
                  "skipped": false
                },
                {
                  "title": "CT45 - Validar rota de cadastro de produtos com sucesso",
                  "fullTitle": "Casos de teste sobre a área administrativa da API Serverest CT01 - Validar rota de login com sucesso CT45 - Validar rota de cadastro de produtos com sucesso",
                  "timedOut": null,
                  "duration": 1128,
                  "state": "passed",
                  "speed": "fast",
                  "pass": true,
                  "fail": false,
                  "pending": false,
                  "context": null,
                  "code": "_serverest.default.cadastrarProdutoComSucesso().then(res => {\n  cy.contractValidation(res, '9.post-produtos', 201);\n  _validaServerest.default.validarCadastroDeProdutoComSucesso(res);\n});",
                  "err": {},
                  "uuid": "641f9a70-4d92-45f1-9748-9ceb62af5358",
                  "parentUUID": "2b36a5db-d5b2-46b4-aba9-d91e2840071f",
                  "isHook": false,
                  "skipped": false
                },
                {
                  "title": "CT53 - Validar rota de alteração de produto com sucesso",
                  "fullTitle": "Casos de teste sobre a área administrativa da API Serverest CT01 - Validar rota de login com sucesso CT53 - Validar rota de alteração de produto com sucesso",
                  "timedOut": null,
                  "duration": 1590,
                  "state": "passed",
                  "speed": "fast",
                  "pass": true,
                  "fail": false,
                  "pending": false,
                  "context": null,
                  "code": "_serverest.default.alterarProdutoCadastrado().then(res => {\n  cy.contractValidation(res, '11.put-produtos-by-id', 200);\n  _validaServerest.default.validarAlteracaoDeProdutoComSucesso(res);\n});",
                  "err": {},
                  "uuid": "c948b06a-86f3-4822-aa5a-8b55d81d6e5a",
                  "parentUUID": "2b36a5db-d5b2-46b4-aba9-d91e2840071f",
                  "isHook": false,
                  "skipped": false
                },
                {
                  "title": "CT62 - Validar rota de exclusão de produtos com sucesso",
                  "fullTitle": "Casos de teste sobre a área administrativa da API Serverest CT01 - Validar rota de login com sucesso CT62 - Validar rota de exclusão de produtos com sucesso",
                  "timedOut": null,
                  "duration": 945,
                  "state": "passed",
                  "speed": "fast",
                  "pass": true,
                  "fail": false,
                  "pending": false,
                  "context": null,
                  "code": "_serverest.default.deletarProdutoCadastrado().then(res => {\n  cy.contractValidation(res, '10.delete-produtos-by-id', 200);\n  _validaServerest.default.validarExclusaoDeProdutoComSucesso(res);\n});",
                  "err": {},
                  "uuid": "0c641d1a-b60c-4726-902a-80daccec72a8",
                  "parentUUID": "2b36a5db-d5b2-46b4-aba9-d91e2840071f",
                  "isHook": false,
                  "skipped": false
                },
                {
                  "title": "CT68 - Validar rota de lista de carrinhos",
                  "fullTitle": "Casos de teste sobre a área administrativa da API Serverest CT01 - Validar rota de login com sucesso CT68 - Validar rota de lista de carrinhos",
                  "timedOut": null,
                  "duration": 993,
                  "state": "passed",
                  "speed": "fast",
                  "pass": true,
                  "fail": false,
                  "pending": false,
                  "context": null,
                  "code": "_serverest.default.buscarCarrinho().then(res => {\n  cy.contractValidation(res, '12.get-carrinhos', 200);\n  _validaServerest.default.validarBuscaDeCarrinho(res);\n});",
                  "err": {},
                  "uuid": "d691155b-4e68-4219-8d8e-3e0106de1889",
                  "parentUUID": "2b36a5db-d5b2-46b4-aba9-d91e2840071f",
                  "isHook": false,
                  "skipped": false
                }
              ],
              "suites": [],
              "passes": [
                "f002ec51-0a2b-4cb7-a96d-96b5d7804cf7",
                "0e26ed35-e080-40cb-a7c8-3c81383d3b0a",
                "86db85d3-df58-4642-8f53-aa2be44ef85b",
                "7263277d-a77a-462f-b8be-b50f7249d3a0",
                "384bf1ed-cb3c-4d7f-a25f-030aa265a63f",
                "641f9a70-4d92-45f1-9748-9ceb62af5358",
                "c948b06a-86f3-4822-aa5a-8b55d81d6e5a",
                "0c641d1a-b60c-4726-902a-80daccec72a8",
                "d691155b-4e68-4219-8d8e-3e0106de1889"
              ],
              "failures": [],
              "pending": [],
              "skipped": [],
              "duration": 10221,
              "root": false,
              "rootEmpty": false,
              "_timeout": 2000
            }
          ],
          "passes": [],
          "failures": [],
          "pending": [],
          "skipped": [],
          "duration": 0,
          "root": false,
          "rootEmpty": false,
          "_timeout": 2000
        }
      ],
      "passes": [],
      "failures": [],
      "pending": [],
      "skipped": [],
      "duration": 0,
      "root": true,
      "rootEmpty": true,
      "_timeout": 2000
    },
    {
      "uuid": "a404a9e7-2065-439c-9109-87ef51556669",
      "title": "",
      "fullFile": "cypress/integration/1.login.spec.js",
      "file": "cypress/integration/1.login.spec.js",
      "beforeHooks": [],
      "afterHooks": [],
      "tests": [],
      "suites": [
        {
          "uuid": "b93ecc8a-21bf-49c4-af0e-d0fc05cdbfae",
          "title": "Casos de teste sobre a rota /login da API Serverest",
          "fullFile": "",
          "file": "",
          "beforeHooks": [],
          "afterHooks": [],
          "tests": [
            {
              "title": "CT01 - Validar rota de login com sucesso",
              "fullTitle": "Casos de teste sobre a rota /login da API Serverest CT01 - Validar rota de login com sucesso",
              "timedOut": null,
              "duration": 1447,
              "state": "passed",
              "speed": "fast",
              "pass": true,
              "fail": false,
              "pending": false,
              "context": null,
              "code": "_serverest.default.buscarUsuarioParaLogin();\ncy.get('@usuarioLogin').then(usuario => {\n  _serverest.default.logar(usuario).then(res => {\n    cy.contractValidation(res, '1.login', 200);\n    _validaServerest.default.validarLoginComSucesso(res);\n    _serverest.default.salvarBearer(res);\n  });\n});",
              "err": {},
              "uuid": "27ca2944-bd10-491f-95f1-bf7225fca434",
              "parentUUID": "b93ecc8a-21bf-49c4-af0e-d0fc05cdbfae",
              "isHook": false,
              "skipped": false
            },
            {
              "title": "CT02 - Validar rota de login email não cadastrado",
              "fullTitle": "Casos de teste sobre a rota /login da API Serverest CT02 - Validar rota de login email não cadastrado",
              "timedOut": null,
              "duration": 706,
              "state": "failed",
              "speed": null,
              "pass": false,
              "fail": true,
              "pending": false,
              "context": null,
              "code": "_serverest.default.logarUsuarioFalso().then(res => {\n  cy.contractValidation(res, '1.login', 400);\n  _validaServerest.default.validarLoginSemSucesso(res);\n});",
              "err": {
                "message": "AssertionError: expected 401 to equal 400",
                "estack": "AssertionError: expected 401 to equal 400\n    at Function.validarLoginSemSucesso (https://serverest.dev/__cypress/tests?p=cypress\\integration\\1.login.spec.js:527:32)\n    at Context.eval (https://serverest.dev/__cypress/tests?p=cypress\\integration\\1.login.spec.js:198:32)",
                "diff": "- 401\n+ 400\n"
              },
              "uuid": "4844dda1-a439-410d-a8c9-d1f0913cb7df",
              "parentUUID": "b93ecc8a-21bf-49c4-af0e-d0fc05cdbfae",
              "isHook": false,
              "skipped": false
            },
            {
              "title": "CT03 - Validar rota de login com senha incorreta",
              "fullTitle": "Casos de teste sobre a rota /login da API Serverest CT03 - Validar rota de login com senha incorreta",
              "timedOut": null,
              "duration": 1387,
              "state": "failed",
              "speed": null,
              "pass": false,
              "fail": true,
              "pending": false,
              "context": null,
              "code": "_serverest.default.buscarUsuarioParaLoginComSenhaInvalida();\ncy.get('@usuarioLogin').then(usuario => {\n  _serverest.default.logar(usuario).then(res => {\n    cy.contractValidation(res, '1.login', 400);\n    _validaServerest.default.validarLoginSemSucesso(res);\n  });\n});",
              "err": {
                "message": "AssertionError: expected 401 to equal 400",
                "estack": "AssertionError: expected 401 to equal 400\n    at Function.validarLoginSemSucesso (https://serverest.dev/__cypress/tests?p=cypress\\integration\\1.login.spec.js:527:32)\n    at Context.eval (https://serverest.dev/__cypress/tests?p=cypress\\integration\\1.login.spec.js:208:34)",
                "diff": "- 401\n+ 400\n"
              },
              "uuid": "f8704583-7405-495a-92e4-5be8bda3ff38",
              "parentUUID": "b93ecc8a-21bf-49c4-af0e-d0fc05cdbfae",
              "isHook": false,
              "skipped": false
            }
          ],
          "suites": [],
          "passes": [
            "27ca2944-bd10-491f-95f1-bf7225fca434"
          ],
          "failures": [
            "4844dda1-a439-410d-a8c9-d1f0913cb7df",
            "f8704583-7405-495a-92e4-5be8bda3ff38"
          ],
          "pending": [],
          "skipped": [],
          "duration": 3540,
          "root": false,
          "rootEmpty": false,
          "_timeout": 2000
        }
      ],
      "passes": [],
      "failures": [],
      "pending": [],
      "skipped": [],
      "duration": 0,
      "root": true,
      "rootEmpty": true,
      "_timeout": 2000
    }
  ],
  "meta": {
    "mocha": {
      "version": "7.0.1"
    },
    "mochawesome": {
      "options": {
        "quiet": false,
        "reportFilename": "mochawesome",
        "saveHtml": false,
        "saveJson": true,
        "consoleReporter": "spec",
        "useInlineDiffs": false,
        "code": true
      },
      "version": "7.1.3"
    },
    "marge": {
      "options": {
        "id": "default",
        "reportDir": "cypress/reports/mocha",
        "quite": true,
        "overwrite": false,
        "html": false,
        "json": true
      },
      "version": "6.2.0"
    }
  }
}